Thu, 14 Apr 2022 03:26:50 GMT - GET /index
Thu, 14 Apr 2022 03:26:51 GMT - GET /submain/okoko
Thu, 14 Apr 2022 03:26:51 GMT - GET /submain/css/style.css
Thu, 14 Apr 2022 03:26:52 GMT - GET /submain/merk
Thu, 14 Apr 2022 03:26:52 GMT - GET /submain/css/style.css
Thu, 14 Apr 2022 03:26:54 GMT - GET /submain/asus
Thu, 14 Apr 2022 03:26:54 GMT - GET /submain/css/style.css
Thu, 14 Apr 2022 03:52:25 GMT - GET /index
Thu, 14 Apr 2022 03:52:40 GMT - GET /login
Thu, 14 Apr 2022 03:52:45 GMT - POST /login
Thu, 14 Apr 2022 03:52:45 GMT - GET /index
Thu, 14 Apr 2022 03:52:45 GMT - GET /login
Thu, 14 Apr 2022 03:53:44 GMT - GET /logout
Thu, 14 Apr 2022 03:53:44 GMT - GET /
Thu, 14 Apr 2022 03:53:48 GMT - GET /index
Thu, 14 Apr 2022 03:54:33 GMT - GET /index
Thu, 14 Apr 2022 03:54:33 GMT - GET /login
Thu, 14 Apr 2022 03:54:39 GMT - GET /login
Thu, 14 Apr 2022 03:54:46 GMT - POST /login
Thu, 14 Apr 2022 03:54:46 GMT - GET /index
Thu, 14 Apr 2022 03:55:05 GMT - GET /logout
Thu, 14 Apr 2022 03:55:05 GMT - GET /
Thu, 14 Apr 2022 03:55:07 GMT - GET /index
Thu, 14 Apr 2022 03:55:08 GMT - GET /login
Thu, 14 Apr 2022 03:55:37 GMT - GET /login
Thu, 14 Apr 2022 03:55:39 GMT - GET /signup
Thu, 14 Apr 2022 03:55:57 GMT - POST /signup
Thu, 14 Apr 2022 03:55:57 GMT - GET /index
Thu, 14 Apr 2022 03:57:22 GMT - GET /index
Thu, 14 Apr 2022 03:57:22 GMT - GET /login
Thu, 14 Apr 2022 03:57:30 GMT - POST /login
Thu, 14 Apr 2022 03:57:31 GMT - POST /login
Thu, 14 Apr 2022 03:57:33 GMT - POST /login
Thu, 14 Apr 2022 03:57:38 GMT - POST /login
Thu, 14 Apr 2022 03:57:40 GMT - GET /login
Thu, 14 Apr 2022 03:57:48 GMT - POST /login
Thu, 14 Apr 2022 03:57:48 GMT - GET /index
Thu, 14 Apr 2022 03:58:02 GMT - GET /index
Thu, 14 Apr 2022 03:58:03 GMT - GET /index
Thu, 14 Apr 2022 03:58:05 GMT - GET /logout
Thu, 14 Apr 2022 03:58:05 GMT - GET /
Thu, 14 Apr 2022 03:58:07 GMT - GET /login
Thu, 14 Apr 2022 03:58:14 GMT - POST /login
Thu, 14 Apr 2022 03:58:21 GMT - POST /login
Thu, 14 Apr 2022 03:58:30 GMT - POST /login
Thu, 14 Apr 2022 03:58:30 GMT - GET /index
Thu, 14 Apr 2022 04:02:41 GMT - GET /index
Thu, 14 Apr 2022 04:02:41 GMT - GET /login
Thu, 14 Apr 2022 04:02:53 GMT - GET /index
Thu, 14 Apr 2022 04:03:25 GMT - GET /index
Thu, 14 Apr 2022 04:03:25 GMT - GET /index
Thu, 14 Apr 2022 04:03:26 GMT - GET /index
Thu, 14 Apr 2022 04:03:47 GMT - GET /index
Thu, 14 Apr 2022 04:04:05 GMT - GET /index
Thu, 14 Apr 2022 04:04:20 GMT - GET /index
Thu, 14 Apr 2022 04:05:05 GMT - GET /index
Thu, 14 Apr 2022 04:05:17 GMT - GET /index
Thu, 14 Apr 2022 04:05:18 GMT - GET /index
Thu, 14 Apr 2022 04:05:56 GMT - GET /index
Thu, 14 Apr 2022 04:06:43 GMT - GET /index
Thu, 14 Apr 2022 04:06:54 GMT - GET /index
Thu, 14 Apr 2022 04:11:52 GMT - GET /index
Thu, 14 Apr 2022 04:13:20 GMT - GET /index
Thu, 14 Apr 2022 04:15:00 GMT - GET /index
Thu, 14 Apr 2022 04:15:06 GMT - GET /submain/asdasdyy
Thu, 14 Apr 2022 04:15:06 GMT - GET /submain/css/style.css
Thu, 14 Apr 2022 04:15:35 GMT - GET /index
Thu, 14 Apr 2022 04:16:26 GMT - GET /index
Thu, 14 Apr 2022 04:17:18 GMT - GET /index
Thu, 14 Apr 2022 04:17:19 GMT - GET /index
Thu, 14 Apr 2022 04:17:19 GMT - GET /index
Thu, 14 Apr 2022 04:17:57 GMT - GET /index
Thu, 14 Apr 2022 04:18:24 GMT - GET /index
Thu, 14 Apr 2022 04:18:34 GMT - GET /index
Thu, 14 Apr 2022 04:18:47 GMT - GET /kategorisetting
Thu, 14 Apr 2022 04:18:57 GMT - GET /tambahmain
Thu, 14 Apr 2022 04:19:12 GMT - POST /main_discussion
Thu, 14 Apr 2022 04:19:12 GMT - GET /index
Thu, 14 Apr 2022 04:20:47 GMT - GET /index
Thu, 14 Apr 2022 04:20:58 GMT - GET /kategorisetting
Thu, 14 Apr 2022 04:21:02 GMT - GET /edit/Samsung
Thu, 14 Apr 2022 04:21:02 GMT - GET /edit/css/style.css
Thu, 14 Apr 2022 04:22:46 GMT - POST /main_discussion/update
Thu, 14 Apr 2022 04:22:47 GMT - GET /edit/Samsung
Thu, 14 Apr 2022 04:22:47 GMT - GET /edit/css/style.css
Thu, 14 Apr 2022 04:22:51 GMT - GET /kategorisetting
Thu, 14 Apr 2022 04:23:02 GMT - POST /hapuskontak
Thu, 14 Apr 2022 04:23:02 GMT - GET /contact
Thu, 14 Apr 2022 04:26:19 GMT - GET /kategorisetting
Thu, 14 Apr 2022 04:26:41 GMT - POST /hapustopik
Thu, 14 Apr 2022 04:26:41 GMT - GET /kategorisetting
Thu, 14 Apr 2022 04:26:54 GMT - GET /kategorisetting
Thu, 14 Apr 2022 04:27:36 GMT - GET /kategorisetting
Thu, 14 Apr 2022 04:27:37 GMT - GET /kategorisetting
Thu, 14 Apr 2022 04:27:37 GMT - GET /kategorisetting
Thu, 14 Apr 2022 04:27:37 GMT - GET /kategorisetting
Thu, 14 Apr 2022 04:27:58 GMT - GET /kategorisetting
Thu, 14 Apr 2022 04:28:21 GMT - GET /kategorisetting
Thu, 14 Apr 2022 04:28:44 GMT - GET /kategorisetting
Thu, 14 Apr 2022 04:28:45 GMT - GET /kategorisetting
Thu, 14 Apr 2022 04:29:04 GMT - POST /hapustopik
Thu, 14 Apr 2022 04:29:04 GMT - GET /kategorisetting
Thu, 14 Apr 2022 04:29:29 GMT - GET /kategorisetting
Thu, 14 Apr 2022 04:29:51 GMT - GET /index
Thu, 14 Apr 2022 04:30:22 GMT - GET /index
Thu, 14 Apr 2022 04:30:22 GMT - GET /index
Thu, 14 Apr 2022 04:30:23 GMT - GET /kategorisetting
Thu, 14 Apr 2022 04:31:31 GMT - GET /index
Thu, 14 Apr 2022 04:31:33 GMT - GET /kategorisetting
Thu, 14 Apr 2022 04:31:34 GMT - GET /kategorisetting
Thu, 14 Apr 2022 04:32:06 GMT - GET /kategorisetting
Thu, 14 Apr 2022 04:32:30 GMT - GET /kategorisetting
Thu, 14 Apr 2022 04:32:31 GMT - GET /kategorisetting
Thu, 14 Apr 2022 04:32:38 GMT - GET /submain/Apple
Thu, 14 Apr 2022 04:32:38 GMT - GET /submain/css/style.css
Thu, 14 Apr 2022 05:09:55 GMT - GET /index
Thu, 14 Apr 2022 05:18:21 GMT - GET /kategorisetting
Thu, 14 Apr 2022 05:18:25 GMT - GET /edit/Apple
Thu, 14 Apr 2022 05:18:25 GMT - GET /edit/css/style.css
Thu, 14 Apr 2022 05:19:23 GMT - GET /index
Thu, 14 Apr 2022 05:19:25 GMT - GET /kategorisetting
Thu, 14 Apr 2022 05:21:56 GMT - GET /kategorisetting
Thu, 14 Apr 2022 05:21:57 GMT - GET /kategorisetting
Thu, 14 Apr 2022 05:21:59 GMT - GET /edit/Samsung
Thu, 14 Apr 2022 05:21:59 GMT - GET /edit/css/style.css
Thu, 14 Apr 2022 05:24:28 GMT - POST /main_discussion/update
Thu, 14 Apr 2022 05:24:28 GMT - GET /kategorisetting
Thu, 14 Apr 2022 05:25:10 GMT - GET /kategorisetting
Thu, 14 Apr 2022 05:25:10 GMT - GET /kategorisetting
Thu, 14 Apr 2022 05:25:12 GMT - GET /edit/Apple
Thu, 14 Apr 2022 05:25:12 GMT - GET /edit/css/style.css
Thu, 14 Apr 2022 05:25:28 GMT - GET /edit/Apple
Thu, 14 Apr 2022 05:25:28 GMT - GET /edit/css/style.css
Thu, 14 Apr 2022 05:25:29 GMT - GET /edit/Apple
Thu, 14 Apr 2022 05:25:29 GMT - GET /edit/css/style.css
Thu, 14 Apr 2022 05:25:29 GMT - GET /edit/Apple
Thu, 14 Apr 2022 05:25:29 GMT - GET /edit/css/style.css
Thu, 14 Apr 2022 05:25:29 GMT - GET /edit/Apple
Thu, 14 Apr 2022 05:25:29 GMT - GET /edit/css/style.css
Thu, 14 Apr 2022 05:25:29 GMT - GET /edit/Apple
Thu, 14 Apr 2022 05:25:29 GMT - GET /edit/css/style.css
Thu, 14 Apr 2022 05:25:30 GMT - GET /edit/Apple
Thu, 14 Apr 2022 05:25:30 GMT - GET /edit/css/style.css
Thu, 14 Apr 2022 05:25:30 GMT - GET /edit/Apple
Thu, 14 Apr 2022 05:25:30 GMT - GET /edit/css/style.css
Thu, 14 Apr 2022 05:25:30 GMT - GET /edit/Apple
Thu, 14 Apr 2022 05:25:30 GMT - GET /edit/css/style.css
Thu, 14 Apr 2022 05:25:41 GMT - GET /
Thu, 14 Apr 2022 05:25:44 GMT - GET /index
Thu, 14 Apr 2022 05:25:52 GMT - GET /submain/Apple
Thu, 14 Apr 2022 05:25:52 GMT - GET /submain/css/style.css
Thu, 14 Apr 2022 05:25:58 GMT - GET /submain/Apple
Thu, 14 Apr 2022 05:25:58 GMT - GET /submain/css/style.css
Thu, 14 Apr 2022 05:26:38 GMT - GET /submain/Apple
Thu, 14 Apr 2022 05:26:38 GMT - GET /submain/css/style.css
Thu, 14 Apr 2022 05:26:43 GMT - GET /contact/tambahmain
Thu, 14 Apr 2022 05:26:44 GMT - GET /submain/Apple
Thu, 14 Apr 2022 05:26:44 GMT - GET /submain/css/style.css
Thu, 14 Apr 2022 05:27:00 GMT - GET /submain/Apple
Thu, 14 Apr 2022 05:27:00 GMT - GET /submain/css/style.css
Thu, 14 Apr 2022 05:27:06 GMT - GET /submain/Apple
Thu, 14 Apr 2022 05:27:06 GMT - GET /submain/css/style.css
Thu, 14 Apr 2022 05:27:08 GMT - GET /submain/Apple
Thu, 14 Apr 2022 05:27:08 GMT - GET /submain/css/style.css
Thu, 14 Apr 2022 05:28:14 GMT - GET /submain/Samsung
Thu, 14 Apr 2022 05:28:14 GMT - GET /submain/css/style.css
Thu, 14 Apr 2022 05:28:15 GMT - GET /submain/Apple
Thu, 14 Apr 2022 05:28:15 GMT - GET /submain/css/style.css
Thu, 14 Apr 2022 05:28:36 GMT - GET /submain/Apple
Thu, 14 Apr 2022 05:28:36 GMT - GET /submain/css/style.css
Thu, 14 Apr 2022 05:28:50 GMT - GET /submain/css/style.css
Thu, 14 Apr 2022 05:29:16 GMT - GET /submain/Apple
Thu, 14 Apr 2022 05:29:16 GMT - GET /submain/css/style.css
Thu, 14 Apr 2022 05:31:12 GMT - GET /submain/Apple
Thu, 14 Apr 2022 05:31:12 GMT - GET /submain/css/style.css
Thu, 14 Apr 2022 05:31:13 GMT - GET /submain/Apple
Thu, 14 Apr 2022 05:31:13 GMT - GET /submain/css/style.css
Thu, 14 Apr 2022 05:31:13 GMT - GET /submain/Apple
Thu, 14 Apr 2022 05:31:13 GMT - GET /submain/css/style.css
Thu, 14 Apr 2022 05:31:13 GMT - GET /submain/Apple
Thu, 14 Apr 2022 05:31:13 GMT - GET /submain/css/style.css
Thu, 14 Apr 2022 05:31:13 GMT - GET /submain/Apple
Thu, 14 Apr 2022 05:31:13 GMT - GET /submain/css/style.css
Thu, 14 Apr 2022 05:31:39 GMT - GET /submain/Apple
Thu, 14 Apr 2022 05:31:52 GMT - GET /submain/Apple
Thu, 14 Apr 2022 05:31:52 GMT - GET /submain/css/style.css
Thu, 14 Apr 2022 05:31:52 GMT - GET /submain/Apple
Thu, 14 Apr 2022 05:31:52 GMT - GET /submain/css/style.css
Thu, 14 Apr 2022 05:31:53 GMT - GET /submain/Apple
Thu, 14 Apr 2022 05:31:53 GMT - GET /submain/css/style.css
Thu, 14 Apr 2022 05:31:53 GMT - GET /submain/Apple
Thu, 14 Apr 2022 05:31:53 GMT - GET /submain/css/style.css
Thu, 14 Apr 2022 05:31:53 GMT - GET /submain/Apple
Thu, 14 Apr 2022 05:31:53 GMT - GET /submain/css/style.css
Thu, 14 Apr 2022 05:34:36 GMT - GET /submain/Apple
Thu, 14 Apr 2022 05:35:22 GMT - GET /submain/Apple
Thu, 14 Apr 2022 05:35:35 GMT - GET /submain/Apple
Thu, 14 Apr 2022 05:37:57 GMT - GET /submain/Apple
Thu, 14 Apr 2022 05:40:56 GMT - GET /submain/Apple
Thu, 14 Apr 2022 05:40:58 GMT - GET /index
Thu, 14 Apr 2022 05:40:58 GMT - GET /index
Thu, 14 Apr 2022 05:41:20 GMT - GET /submain/Apple
Thu, 14 Apr 2022 05:41:21 GMT - GET /submain/Samsung
Thu, 14 Apr 2022 05:41:22 GMT - GET /submain/Apple
Thu, 14 Apr 2022 05:41:50 GMT - GET /submain/Apple
Thu, 14 Apr 2022 05:41:50 GMT - GET /submain/css/style.css
Thu, 14 Apr 2022 05:41:55 GMT - GET /submain/Apple
Thu, 14 Apr 2022 05:41:55 GMT - GET /submain/css/style.css
Thu, 14 Apr 2022 05:42:22 GMT - GET /submain/Apple
Thu, 14 Apr 2022 05:42:22 GMT - GET /submain/css/style.css
Thu, 14 Apr 2022 05:42:41 GMT - GET /submain/Apple
Thu, 14 Apr 2022 05:42:41 GMT - GET /submain/css/style.css
Thu, 14 Apr 2022 05:42:48 GMT - GET /submain/Apple
Thu, 14 Apr 2022 05:42:48 GMT - GET /submain/css/style.css
Thu, 14 Apr 2022 05:42:51 GMT - GET /submain/css/style.css
Thu, 14 Apr 2022 05:43:28 GMT - GET /submain/Apple
Thu, 14 Apr 2022 05:43:49 GMT - GET /submain/Apple
Thu, 14 Apr 2022 05:43:49 GMT - GET /submain/css/style.css
Thu, 14 Apr 2022 05:44:24 GMT - GET /submain/Apple
Thu, 14 Apr 2022 05:44:24 GMT - GET /submain/css/style.css
Thu, 14 Apr 2022 05:45:43 GMT - GET /submain/Apple
Thu, 14 Apr 2022 05:45:43 GMT - GET /submain/css/style.css
Thu, 14 Apr 2022 05:46:04 GMT - GET /submain/Apple
Thu, 14 Apr 2022 05:46:04 GMT - GET /submain/css/style.css
Thu, 14 Apr 2022 05:46:53 GMT - GET /submain/Apple
Thu, 14 Apr 2022 05:46:53 GMT - GET /submain/css/style.css
Thu, 14 Apr 2022 05:47:00 GMT - GET /contact/tambahmain
Thu, 14 Apr 2022 05:49:03 GMT - GET /index
Thu, 14 Apr 2022 05:49:06 GMT - GET /kategorisetting
Thu, 14 Apr 2022 05:49:07 GMT - GET /tambahmain
Thu, 14 Apr 2022 05:51:46 GMT - GET /tambahmain
Thu, 14 Apr 2022 05:51:59 GMT - GET /index
Thu, 14 Apr 2022 05:52:08 GMT - GET /submain/Apple
Thu, 14 Apr 2022 05:52:08 GMT - GET /submain/css/style.css
Thu, 14 Apr 2022 05:52:50 GMT - GET /contact/tambahmain
Thu, 14 Apr 2022 05:53:38 GMT - GET /contact/tambahmain
Thu, 14 Apr 2022 05:53:58 GMT - GET /contact/tambahmain
Thu, 14 Apr 2022 05:54:05 GMT - GET /submain/Apple
Thu, 14 Apr 2022 05:54:05 GMT - GET /submain/css/style.css
Thu, 14 Apr 2022 05:54:06 GMT - GET /tambahmain
Thu, 14 Apr 2022 05:54:39 GMT - GET /submain/Apple
Thu, 14 Apr 2022 05:54:39 GMT - GET /submain/css/style.css
Thu, 14 Apr 2022 05:54:40 GMT - GET /submain/Apple
Thu, 14 Apr 2022 05:54:40 GMT - GET /submain/css/style.css
Thu, 14 Apr 2022 05:54:40 GMT - GET /submain/Apple
Thu, 14 Apr 2022 05:54:40 GMT - GET /submain/css/style.css
Thu, 14 Apr 2022 05:54:40 GMT - GET /submain/Apple
Thu, 14 Apr 2022 05:54:40 GMT - GET /submain/css/style.css
Thu, 14 Apr 2022 05:54:42 GMT - GET /tambahsubmain
Thu, 14 Apr 2022 05:58:20 GMT - GET /submain/Apple
Thu, 14 Apr 2022 05:58:20 GMT - GET /submain/css/style.css
Thu, 14 Apr 2022 06:07:41 GMT - GET /index
Thu, 14 Apr 2022 06:07:43 GMT - GET /submain/Apple
Thu, 14 Apr 2022 06:07:43 GMT - GET /submain/css/style.css
Thu, 14 Apr 2022 06:07:44 GMT - GET /submain/Apple
Thu, 14 Apr 2022 06:07:44 GMT - GET /submain/css/style.css
Thu, 14 Apr 2022 06:07:59 GMT - GET /submain/Apple
Thu, 14 Apr 2022 06:07:59 GMT - GET /submain/css/style.css
Thu, 14 Apr 2022 06:08:09 GMT - GET /tambahsubmain
Thu, 14 Apr 2022 06:08:31 GMT - GET /tambahsubmain
Thu, 14 Apr 2022 06:08:37 GMT - GET /tambahsubmain
Thu, 14 Apr 2022 06:09:06 GMT - GET /tambahsubmain
Thu, 14 Apr 2022 06:10:27 GMT - GET /tambahsubmain
Thu, 14 Apr 2022 06:10:28 GMT - GET /tambahsubmain
Thu, 14 Apr 2022 06:14:56 GMT - GET /submain/Apple
Thu, 14 Apr 2022 06:14:56 GMT - GET /submain/css/style.css
Thu, 14 Apr 2022 06:14:57 GMT - GET /submain/Apple
Thu, 14 Apr 2022 06:14:57 GMT - GET /submain/css/style.css
Thu, 14 Apr 2022 06:14:57 GMT - GET /submain/Apple
Thu, 14 Apr 2022 06:14:57 GMT - GET /submain/css/style.css
Thu, 14 Apr 2022 06:14:59 GMT - GET /tambahsubmain
Thu, 14 Apr 2022 06:15:21 GMT - GET /tambahsubmain
Thu, 14 Apr 2022 06:17:02 GMT - POST /submain_discussion
Thu, 14 Apr 2022 06:17:02 GMT - GET /tambahsubmain
Thu, 14 Apr 2022 06:22:15 GMT - POST /submain_discussion
Thu, 14 Apr 2022 06:22:15 GMT - GET /tambahsubmain
Thu, 14 Apr 2022 06:22:21 GMT - POST /submain_discussion
Thu, 14 Apr 2022 06:22:21 GMT - GET /index
Thu, 14 Apr 2022 06:22:40 GMT - GET /submain/Apple
Thu, 14 Apr 2022 06:22:40 GMT - GET /submain/css/style.css
Thu, 14 Apr 2022 06:24:18 GMT - GET /index
Thu, 14 Apr 2022 06:24:19 GMT - GET /submain/Apple
Thu, 14 Apr 2022 06:24:19 GMT - GET /submain/css/style.css
Thu, 14 Apr 2022 06:25:03 GMT - GET /submain/Apple
Thu, 14 Apr 2022 06:25:03 GMT - GET /submain/css/style.css
Thu, 14 Apr 2022 06:25:56 GMT - GET /submain/Apple
Thu, 14 Apr 2022 06:25:56 GMT - GET /submain/css/style.css
Thu, 14 Apr 2022 06:26:18 GMT - GET /submain/Apple
Thu, 14 Apr 2022 06:26:18 GMT - GET /submain/css/style.css
Thu, 14 Apr 2022 06:26:18 GMT - GET /submain/Apple
Thu, 14 Apr 2022 06:26:18 GMT - GET /submain/css/style.css
Thu, 14 Apr 2022 06:26:19 GMT - GET /submain/Apple
Thu, 14 Apr 2022 06:26:19 GMT - GET /submain/css/style.css
Thu, 14 Apr 2022 06:26:26 GMT - GET /submain/Apple
Thu, 14 Apr 2022 06:26:26 GMT - GET /submain/css/style.css
Thu, 14 Apr 2022 06:26:38 GMT - GET /submain/Apple
Thu, 14 Apr 2022 06:26:38 GMT - GET /submain/css/style.css
Thu, 14 Apr 2022 06:26:39 GMT - GET /submain/Apple
Thu, 14 Apr 2022 06:26:39 GMT - GET /submain/css/style.css
Thu, 14 Apr 2022 06:26:39 GMT - GET /submain/Apple
Thu, 14 Apr 2022 06:26:39 GMT - GET /submain/css/style.css
Thu, 14 Apr 2022 06:26:39 GMT - GET /submain/Apple
Thu, 14 Apr 2022 06:26:39 GMT - GET /submain/css/style.css
Thu, 14 Apr 2022 06:27:28 GMT - GET /submain/Apple
Thu, 14 Apr 2022 06:27:28 GMT - GET /submain/css/style.css
Thu, 14 Apr 2022 06:27:40 GMT - GET /submain/Apple
Thu, 14 Apr 2022 06:27:40 GMT - GET /submain/css/style.css
Thu, 14 Apr 2022 06:30:38 GMT - GET /submain/Apple
Thu, 14 Apr 2022 06:32:29 GMT - GET /submain/Apple
Thu, 14 Apr 2022 06:32:29 GMT - GET /submain/css/style.css
Thu, 14 Apr 2022 06:33:18 GMT - GET /tambahsubmain
Thu, 14 Apr 2022 06:33:56 GMT - POST /submain_discussion
Thu, 14 Apr 2022 06:33:56 GMT - GET /index
Thu, 14 Apr 2022 06:33:58 GMT - GET /submain/Apple
Thu, 14 Apr 2022 06:33:58 GMT - GET /submain/css/style.css
Thu, 14 Apr 2022 06:35:12 GMT - GET /submain/Apple
Thu, 14 Apr 2022 06:35:12 GMT - GET /submain/css/style.css
Thu, 14 Apr 2022 06:46:00 GMT - GET /tambahsubmain
Thu, 14 Apr 2022 06:49:00 GMT - GET /tambahsubmain
Thu, 14 Apr 2022 06:49:21 GMT - GET /tambahsubmain
Thu, 14 Apr 2022 06:49:21 GMT - GET /tambahsubmain
Thu, 14 Apr 2022 06:49:21 GMT - GET /tambahsubmain
Thu, 14 Apr 2022 06:50:20 GMT - GET /tambahsubmain
Thu, 14 Apr 2022 06:50:21 GMT - GET /tambahsubmain
Thu, 14 Apr 2022 06:50:21 GMT - GET /tambahsubmain
Thu, 14 Apr 2022 06:50:21 GMT - GET /tambahsubmain
Thu, 14 Apr 2022 06:50:22 GMT - GET /tambahsubmain
Thu, 14 Apr 2022 06:50:22 GMT - GET /tambahsubmain
Thu, 14 Apr 2022 06:56:36 GMT - POST /submain_discussion
Thu, 14 Apr 2022 06:56:36 GMT - GET /index
Thu, 14 Apr 2022 06:57:16 GMT - GET /index
Thu, 14 Apr 2022 06:57:19 GMT - GET /submain/Xiaomi
Thu, 14 Apr 2022 06:57:19 GMT - GET /submain/css/style.css
Thu, 14 Apr 2022 06:57:21 GMT - GET /submain/Apple
Thu, 14 Apr 2022 06:57:21 GMT - GET /submain/css/style.css
Thu, 14 Apr 2022 07:08:40 GMT - GET /submain/Apple
Thu, 14 Apr 2022 07:08:40 GMT - GET /submain/css/style.css
Thu, 14 Apr 2022 07:24:08 GMT - POST /upload/upload-singe-image
Thu, 14 Apr 2022 07:24:36 GMT - POST /upload/upload-single-image
Thu, 14 Apr 2022 07:24:37 GMT - POST /upload/upload-single-image
Thu, 14 Apr 2022 07:24:47 GMT - GET /submain/Apple
Thu, 14 Apr 2022 07:24:47 GMT - GET /submain/css/style.css
Thu, 14 Apr 2022 07:24:48 GMT - GET /submain/Apple
Thu, 14 Apr 2022 07:24:48 GMT - GET /submain/css/style.css
Thu, 14 Apr 2022 07:27:13 GMT - GET /tambahsubmain
Thu, 14 Apr 2022 07:29:09 GMT - POST /submain_discussion
Thu, 14 Apr 2022 07:29:09 GMT - GET /index
Thu, 14 Apr 2022 07:29:12 GMT - GET /submain/Apple
Thu, 14 Apr 2022 07:29:12 GMT - GET /submain/css/style.css
Thu, 14 Apr 2022 07:29:39 GMT - GET /tambahsubmain
Thu, 14 Apr 2022 07:29:43 GMT - POST /submain_discussion
Thu, 14 Apr 2022 07:29:43 GMT - GET /index
Thu, 14 Apr 2022 07:29:49 GMT - GET /submain/Xiaomi
Thu, 14 Apr 2022 07:29:49 GMT - GET /submain/css/style.css
Thu, 14 Apr 2022 07:29:52 GMT - GET /submain/Apple
Thu, 14 Apr 2022 07:29:52 GMT - GET /submain/css/style.css
Thu, 14 Apr 2022 07:29:53 GMT - GET /tambahsubmain
Thu, 14 Apr 2022 07:31:06 GMT - POST /submain_discussion
Thu, 14 Apr 2022 07:31:06 GMT - GET /index
Thu, 14 Apr 2022 07:31:08 GMT - GET /submain/Apple
Thu, 14 Apr 2022 07:31:08 GMT - GET /submain/css/style.css
Thu, 14 Apr 2022 07:40:46 GMT - GET /submain/Apple
Thu, 14 Apr 2022 07:40:46 GMT - GET /submain/css/style.css
Thu, 14 Apr 2022 07:46:04 GMT - GET /submain/Apple
Thu, 14 Apr 2022 07:46:04 GMT - GET /submain/css/style.css
Thu, 14 Apr 2022 07:46:05 GMT - GET /discussion/Mac%20Studio%20Si%20Pembangkit%20Tenaga%20Kreatif
Thu, 14 Apr 2022 07:46:30 GMT - GET /discussion/Mac%20Studio%20Si%20Pembangkit%20Tenaga%20Kreatif
Thu, 14 Apr 2022 07:46:30 GMT - GET /discussion/css/style.css
Thu, 14 Apr 2022 07:46:52 GMT - GET /discussion/Mac%20Studio%20Si%20Pembangkit%20Tenaga%20Kreatif
Thu, 14 Apr 2022 07:46:52 GMT - GET /discussion/css/style.css
Thu, 14 Apr 2022 07:47:29 GMT - GET /discussion/Mac%20Studio%20Si%20Pembangkit%20Tenaga%20Kreatif
Thu, 14 Apr 2022 07:47:29 GMT - GET /discussion/css/style.css
Thu, 14 Apr 2022 07:54:55 GMT - GET /submain/Apple
Thu, 14 Apr 2022 07:54:55 GMT - GET /submain/css/style.css
Thu, 14 Apr 2022 07:55:44 GMT - GET /submain/Apple
Thu, 14 Apr 2022 07:55:44 GMT - GET /submain/css/style.css
Thu, 14 Apr 2022 07:55:45 GMT - GET /submain/Apple
Thu, 14 Apr 2022 07:55:45 GMT - GET /submain/css/style.css
Thu, 14 Apr 2022 07:56:33 GMT - GET /submain/Apple
Thu, 14 Apr 2022 07:56:33 GMT - GET /submain/css/style.css
Thu, 14 Apr 2022 07:57:57 GMT - GET /submain/Apple
Thu, 14 Apr 2022 07:57:57 GMT - GET /submain/css/style.css
Thu, 14 Apr 2022 07:57:58 GMT - GET /submain/Apple
Thu, 14 Apr 2022 07:57:58 GMT - GET /submain/css/style.css
Thu, 14 Apr 2022 07:58:15 GMT - GET /submain/Apple
Thu, 14 Apr 2022 07:58:15 GMT - GET /submain/css/style.css
Thu, 14 Apr 2022 07:59:15 GMT - GET /submain/Apple
Thu, 14 Apr 2022 07:59:15 GMT - GET /submain/css/style.css
Thu, 14 Apr 2022 07:59:33 GMT - GET /submain/Apple
Thu, 14 Apr 2022 07:59:33 GMT - GET /submain/css/style.css
Thu, 14 Apr 2022 08:00:00 GMT - GET /submain/Apple
Thu, 14 Apr 2022 08:00:00 GMT - GET /submain/css/style.css
Thu, 14 Apr 2022 08:01:00 GMT - GET /submain/Apple
Thu, 14 Apr 2022 08:01:00 GMT - GET /submain/css/style.css
Thu, 14 Apr 2022 08:02:07 GMT - GET /submain/Apple
Thu, 14 Apr 2022 08:02:07 GMT - GET /submain/css/style.css
Thu, 14 Apr 2022 08:02:17 GMT - GET /submain/Apple
Thu, 14 Apr 2022 08:02:17 GMT - GET /submain/css/style.css
Thu, 14 Apr 2022 08:02:23 GMT - GET /submain/Apple
Thu, 14 Apr 2022 08:02:23 GMT - GET /submain/css/style.css
Thu, 14 Apr 2022 08:02:41 GMT - GET /submain/Apple
Thu, 14 Apr 2022 08:02:41 GMT - GET /submain/css/style.css
Fri, 15 Apr 2022 03:01:35 GMT - GET /submain/Apple
Fri, 15 Apr 2022 03:01:35 GMT - GET /submain/css/style.css
Fri, 15 Apr 2022 03:08:37 GMT - GET /submain/Apple
Fri, 15 Apr 2022 03:08:40 GMT - GET /submain/Apple
Fri, 15 Apr 2022 03:08:49 GMT - GET /submain/Apple
Fri, 15 Apr 2022 03:08:50 GMT - GET /submain/Apple
Fri, 15 Apr 2022 03:08:59 GMT - GET /submain/Apple
Fri, 15 Apr 2022 03:08:59 GMT - GET /submain/css/style.css
Fri, 15 Apr 2022 03:09:51 GMT - GET /submain/Apple
Fri, 15 Apr 2022 03:09:51 GMT - GET /submain/css/style.css
Fri, 15 Apr 2022 03:12:02 GMT - GET /submain/Apple
Fri, 15 Apr 2022 03:12:02 GMT - GET /submain/css/style.css
Fri, 15 Apr 2022 03:12:03 GMT - GET /submain/Apple
Fri, 15 Apr 2022 03:12:03 GMT - GET /submain/css/style.css
Fri, 15 Apr 2022 03:12:29 GMT - GET /submain/Apple
Fri, 15 Apr 2022 03:12:29 GMT - GET /submain/css/style.css
Fri, 15 Apr 2022 03:12:29 GMT - GET /submain/Apple
Fri, 15 Apr 2022 03:12:29 GMT - GET /submain/css/style.css
Fri, 15 Apr 2022 03:12:30 GMT - GET /submain/Apple
Fri, 15 Apr 2022 03:12:30 GMT - GET /submain/css/style.css
Fri, 15 Apr 2022 03:12:30 GMT - GET /submain/Apple
Fri, 15 Apr 2022 03:12:30 GMT - GET /submain/css/style.css
Fri, 15 Apr 2022 03:12:30 GMT - GET /submain/Apple
Fri, 15 Apr 2022 03:12:30 GMT - GET /submain/css/style.css
Fri, 15 Apr 2022 03:19:47 GMT - GET /submain/Apple
Fri, 15 Apr 2022 03:19:47 GMT - GET /submain/css/style.css
Fri, 15 Apr 2022 03:20:00 GMT - GET /submain/Apple
Fri, 15 Apr 2022 03:20:00 GMT - GET /submain/css/style.css
Fri, 15 Apr 2022 03:23:29 GMT - GET /submain/Apple
Fri, 15 Apr 2022 03:23:29 GMT - GET /submain/css/style.css
Fri, 15 Apr 2022 03:23:41 GMT - GET /submain/Apple
Fri, 15 Apr 2022 03:23:41 GMT - GET /submain/css/style.css
Fri, 15 Apr 2022 03:24:16 GMT - GET /submain/Apple
Fri, 15 Apr 2022 03:24:16 GMT - GET /submain/css/style.css
Fri, 15 Apr 2022 03:24:29 GMT - GET /submain/Apple
Fri, 15 Apr 2022 03:24:29 GMT - GET /submain/css/style.css
Fri, 15 Apr 2022 03:24:34 GMT - GET /submain/Apple
Fri, 15 Apr 2022 03:24:34 GMT - GET /submain/css/style.css
Fri, 15 Apr 2022 03:24:44 GMT - GET /submain/Apple
Fri, 15 Apr 2022 03:24:44 GMT - GET /submain/css/style.css
Fri, 15 Apr 2022 03:25:03 GMT - GET /submain/Apple
Fri, 15 Apr 2022 03:25:03 GMT - GET /submain/css/style.css
Fri, 15 Apr 2022 03:25:30 GMT - GET /submain/Apple
Fri, 15 Apr 2022 03:25:30 GMT - GET /submain/css/style.css
Fri, 15 Apr 2022 03:25:54 GMT - GET /submain/Apple
Fri, 15 Apr 2022 03:25:54 GMT - GET /submain/css/style.css
Fri, 15 Apr 2022 03:26:26 GMT - GET /submain/Apple
Fri, 15 Apr 2022 03:26:26 GMT - GET /submain/css/style.css
Fri, 15 Apr 2022 03:26:52 GMT - GET /submain/Apple
Fri, 15 Apr 2022 03:26:52 GMT - GET /submain/css/style.css
Fri, 15 Apr 2022 03:27:56 GMT - GET /submain/Apple
Fri, 15 Apr 2022 03:27:56 GMT - GET /submain/css/style.css
Fri, 15 Apr 2022 03:32:06 GMT - GET /submain/Apple
Fri, 15 Apr 2022 03:32:06 GMT - GET /submain/css/style.css
Fri, 15 Apr 2022 03:54:13 GMT - GET /login
Fri, 15 Apr 2022 03:54:30 GMT - POST /login
Fri, 15 Apr 2022 03:54:30 GMT - GET /index
Fri, 15 Apr 2022 03:55:10 GMT - GET /index
Fri, 15 Apr 2022 03:56:40 GMT - GET /index
Fri, 15 Apr 2022 03:56:50 GMT - GET /index
Fri, 15 Apr 2022 03:56:50 GMT - GET /login
Fri, 15 Apr 2022 04:01:01 GMT - POST /login
Fri, 15 Apr 2022 04:01:01 GMT - GET /index
Fri, 15 Apr 2022 04:01:04 GMT - GET /submain/Apple
Fri, 15 Apr 2022 04:01:04 GMT - GET /submain/css/style.css
Fri, 15 Apr 2022 04:02:26 GMT - GET /submain/Apple
Fri, 15 Apr 2022 04:02:26 GMT - GET /submain/css/style.css
Fri, 15 Apr 2022 04:12:33 GMT - GET /tambahsubmain
Fri, 15 Apr 2022 04:12:36 GMT - GET /submain/Apple
Fri, 15 Apr 2022 04:12:36 GMT - GET /submain/css/style.css
Fri, 15 Apr 2022 04:12:38 GMT - GET /submain/Apple
Fri, 15 Apr 2022 04:12:38 GMT - GET /submain/css/style.css
Fri, 15 Apr 2022 04:13:01 GMT - GET /submain/Apple
Fri, 15 Apr 2022 04:13:01 GMT - GET /submain/css/style.css
Fri, 15 Apr 2022 04:13:03 GMT - GET /tambahsubmain
Fri, 15 Apr 2022 04:13:03 GMT - GET /login
Fri, 15 Apr 2022 04:13:32 GMT - POST /login
Fri, 15 Apr 2022 04:13:32 GMT - GET /index
Fri, 15 Apr 2022 04:13:40 GMT - GET /submain/Apple
Fri, 15 Apr 2022 04:13:40 GMT - GET /submain/css/style.css
Fri, 15 Apr 2022 04:13:43 GMT - GET /tambahsubmain
Fri, 15 Apr 2022 04:13:46 GMT - GET /tambahsubmain
Fri, 15 Apr 2022 04:14:08 GMT - GET /tambahsubmain
Fri, 15 Apr 2022 04:14:08 GMT - GET /login
Fri, 15 Apr 2022 04:14:19 GMT - POST /login
Fri, 15 Apr 2022 04:14:19 GMT - GET /index
Fri, 15 Apr 2022 04:14:21 GMT - GET /submain/Apple
Fri, 15 Apr 2022 04:14:21 GMT - GET /submain/css/style.css
Fri, 15 Apr 2022 04:14:24 GMT - GET /tambahsubmain
Fri, 15 Apr 2022 04:14:40 GMT - GET /tambahsubmain
Fri, 15 Apr 2022 04:14:40 GMT - GET /login
Fri, 15 Apr 2022 04:14:46 GMT - POST /login
Fri, 15 Apr 2022 04:14:46 GMT - GET /index
Fri, 15 Apr 2022 04:14:47 GMT - GET /submain/Apple
Fri, 15 Apr 2022 04:14:47 GMT - GET /submain/css/style.css
Fri, 15 Apr 2022 04:14:49 GMT - GET /tambahsubmain
Fri, 15 Apr 2022 04:15:21 GMT - GET /tambahsubmain
Fri, 15 Apr 2022 04:15:21 GMT - GET /login
Fri, 15 Apr 2022 04:15:28 GMT - POST /login
Fri, 15 Apr 2022 04:15:28 GMT - GET /index
Fri, 15 Apr 2022 04:15:29 GMT - GET /submain/Apple
Fri, 15 Apr 2022 04:15:29 GMT - GET /submain/css/style.css
Fri, 15 Apr 2022 04:15:32 GMT - GET /tambahsubmain
Fri, 15 Apr 2022 04:16:41 GMT - GET /tambahsubmain
Fri, 15 Apr 2022 04:16:41 GMT - GET /login
Fri, 15 Apr 2022 04:16:47 GMT - POST /login
Fri, 15 Apr 2022 04:16:47 GMT - GET /index
Fri, 15 Apr 2022 04:16:48 GMT - GET /submain/Apple
Fri, 15 Apr 2022 04:16:48 GMT - GET /submain/css/style.css
Fri, 15 Apr 2022 04:16:50 GMT - GET /tambahsubmain
Fri, 15 Apr 2022 04:17:04 GMT - POST /submain_discussion
Fri, 15 Apr 2022 04:17:04 GMT - GET /index
Fri, 15 Apr 2022 04:19:40 GMT - GET /submain/Apple
Fri, 15 Apr 2022 04:19:40 GMT - GET /login
Fri, 15 Apr 2022 04:19:48 GMT - POST /login
Fri, 15 Apr 2022 04:19:48 GMT - GET /index
Fri, 15 Apr 2022 04:19:49 GMT - GET /submain/Apple
Fri, 15 Apr 2022 04:19:49 GMT - GET /submain/css/style.css
Fri, 15 Apr 2022 04:21:09 GMT - GET /submain/Apple
Fri, 15 Apr 2022 04:21:09 GMT - GET /login
Fri, 15 Apr 2022 04:21:18 GMT - POST /login
Fri, 15 Apr 2022 04:21:18 GMT - GET /index
Fri, 15 Apr 2022 04:21:20 GMT - GET /submain/Apple
Fri, 15 Apr 2022 04:21:20 GMT - GET /submain/css/style.css
Fri, 15 Apr 2022 04:23:36 GMT - GET /submain/Apple
Fri, 15 Apr 2022 04:23:36 GMT - GET /login
Fri, 15 Apr 2022 04:23:45 GMT - POST /login
Fri, 15 Apr 2022 04:23:45 GMT - GET /index
Fri, 15 Apr 2022 04:24:16 GMT - GET /submain/Apple
Fri, 15 Apr 2022 04:24:16 GMT - GET /login
Fri, 15 Apr 2022 04:24:23 GMT - POST /login
Fri, 15 Apr 2022 04:24:23 GMT - GET /index
Fri, 15 Apr 2022 04:25:09 GMT - GET /submain/Apple
Fri, 15 Apr 2022 04:25:09 GMT - GET /login
Fri, 15 Apr 2022 04:25:16 GMT - GET /login
Fri, 15 Apr 2022 04:25:21 GMT - POST /login
Fri, 15 Apr 2022 04:25:21 GMT - GET /index
Fri, 15 Apr 2022 04:26:06 GMT - GET /submain/Apple
Fri, 15 Apr 2022 04:26:08 GMT - POST /login
Fri, 15 Apr 2022 04:26:08 GMT - GET /index
Fri, 15 Apr 2022 04:27:05 GMT - GET /index
Fri, 15 Apr 2022 04:27:05 GMT - GET /login
Fri, 15 Apr 2022 04:27:10 GMT - POST /login
Fri, 15 Apr 2022 04:27:10 GMT - GET /index
Fri, 15 Apr 2022 04:27:11 GMT - GET /submain/Apple
Fri, 15 Apr 2022 04:27:11 GMT - GET /submain/css/style.css
Fri, 15 Apr 2022 04:27:15 GMT - GET /tambahsubmain
Fri, 15 Apr 2022 04:28:39 GMT - POST /submain_discussion
Fri, 15 Apr 2022 04:28:39 GMT - GET /tambahsubmain
Fri, 15 Apr 2022 04:28:39 GMT - GET /login
Fri, 15 Apr 2022 04:28:43 GMT - POST /login
Fri, 15 Apr 2022 04:28:44 GMT - GET /index
Fri, 15 Apr 2022 04:28:45 GMT - GET /submain/Apple
Fri, 15 Apr 2022 04:28:45 GMT - GET /submain/css/style.css
Fri, 15 Apr 2022 04:28:46 GMT - GET /tambahsubmain
Fri, 15 Apr 2022 04:30:08 GMT - GET /submain_discussion
Fri, 15 Apr 2022 04:30:23 GMT - GET /submain_discussion
Fri, 15 Apr 2022 04:30:28 GMT - GET /
Fri, 15 Apr 2022 04:30:29 GMT - GET /index
Fri, 15 Apr 2022 04:30:29 GMT - GET /login
Fri, 15 Apr 2022 04:30:34 GMT - POST /login
Fri, 15 Apr 2022 04:30:34 GMT - GET /index
Fri, 15 Apr 2022 04:30:36 GMT - GET /submain/Apple
Fri, 15 Apr 2022 04:30:36 GMT - GET /submain/css/style.css
Fri, 15 Apr 2022 04:30:41 GMT - GET /tambahsubmain
Fri, 15 Apr 2022 04:30:53 GMT - POST /submain_discussion
Fri, 15 Apr 2022 04:30:53 GMT - GET /index
Fri, 15 Apr 2022 04:32:03 GMT - GET /index
Fri, 15 Apr 2022 04:32:03 GMT - GET /login
Fri, 15 Apr 2022 04:32:07 GMT - POST /login
Fri, 15 Apr 2022 04:32:07 GMT - GET /index
Fri, 15 Apr 2022 04:32:09 GMT - GET /submain/Apple
Fri, 15 Apr 2022 04:32:09 GMT - GET /submain/css/style.css
Fri, 15 Apr 2022 04:32:38 GMT - GET /submain/Apple
Fri, 15 Apr 2022 04:32:38 GMT - GET /submain/css/style.css
Fri, 15 Apr 2022 04:32:49 GMT - GET /discussion/coba%20email
Fri, 15 Apr 2022 04:32:49 GMT - GET /discussion/css/style.css
Fri, 15 Apr 2022 04:32:59 GMT - GET /logout
Fri, 15 Apr 2022 04:32:59 GMT - GET /
Fri, 15 Apr 2022 04:33:00 GMT - GET /index
Fri, 15 Apr 2022 04:33:00 GMT - GET /login
Fri, 15 Apr 2022 04:33:18 GMT - POST /login
Fri, 15 Apr 2022 04:33:19 GMT - GET /index
Fri, 15 Apr 2022 04:33:21 GMT - GET /submain/Apple
Fri, 15 Apr 2022 04:33:21 GMT - GET /submain/css/style.css
Fri, 15 Apr 2022 04:33:25 GMT - GET /tambahsubmain
Fri, 15 Apr 2022 04:33:35 GMT - POST /submain_discussion
Fri, 15 Apr 2022 04:33:35 GMT - GET /index
Fri, 15 Apr 2022 04:33:37 GMT - GET /submain/Apple
Fri, 15 Apr 2022 04:33:37 GMT - GET /submain/css/style.css
Fri, 15 Apr 2022 04:34:21 GMT - GET /discussion/Mac%20Studio%20Si%20Pembangkit%20Tenaga%20Kreatif
Fri, 15 Apr 2022 04:34:21 GMT - GET /discussion/css/style.css
Fri, 15 Apr 2022 04:36:56 GMT - GET /discussion/Mac%20Studio%20Si%20Pembangkit%20Tenaga%20Kreatif
Fri, 15 Apr 2022 04:36:56 GMT - GET /login
Fri, 15 Apr 2022 04:37:03 GMT - POST /login
Fri, 15 Apr 2022 04:37:03 GMT - GET /index
Fri, 15 Apr 2022 04:37:05 GMT - GET /submain/Apple
Fri, 15 Apr 2022 04:37:05 GMT - GET /submain/css/style.css
Fri, 15 Apr 2022 04:37:10 GMT - GET /discussion/coba%20email
Fri, 15 Apr 2022 04:37:10 GMT - GET /discussion/css/style.css
Fri, 15 Apr 2022 04:39:29 GMT - GET /discussion/coba%20email
Fri, 15 Apr 2022 04:39:29 GMT - GET /login
Fri, 15 Apr 2022 04:39:33 GMT - POST /login
Fri, 15 Apr 2022 04:39:33 GMT - GET /index
Fri, 15 Apr 2022 04:39:35 GMT - GET /submain/Apple
Fri, 15 Apr 2022 04:39:35 GMT - GET /submain/css/style.css
Fri, 15 Apr 2022 04:39:37 GMT - GET /discussion/coba%20email
Fri, 15 Apr 2022 04:39:37 GMT - GET /discussion/css/style.css
Fri, 15 Apr 2022 04:39:56 GMT - GET /discussion/coba%20email
Fri, 15 Apr 2022 04:39:56 GMT - GET /discussion/css/style.css
Fri, 15 Apr 2022 04:40:51 GMT - GET /discussion/coba%20email
Fri, 15 Apr 2022 04:40:51 GMT - GET /discussion/css/style.css
Fri, 15 Apr 2022 04:41:48 GMT - GET /discussion/coba%20email
Fri, 15 Apr 2022 04:41:48 GMT - GET /login
Fri, 15 Apr 2022 04:41:53 GMT - POST /login
Fri, 15 Apr 2022 04:41:53 GMT - GET /index
Fri, 15 Apr 2022 04:41:55 GMT - GET /submain/Apple
Fri, 15 Apr 2022 04:41:55 GMT - GET /submain/css/style.css
Fri, 15 Apr 2022 04:41:57 GMT - GET /discussion/coba%20email
Fri, 15 Apr 2022 04:41:57 GMT - GET /discussion/css/style.css
Fri, 15 Apr 2022 04:42:32 GMT - GET /discussion/coba%20email
Fri, 15 Apr 2022 04:42:32 GMT - GET /discussion/css/style.css
Fri, 15 Apr 2022 04:42:45 GMT - GET /discussion/coba%20email
Fri, 15 Apr 2022 04:42:45 GMT - GET /discussion/css/style.css
Fri, 15 Apr 2022 04:42:46 GMT - GET /discussion/coba%20email
Fri, 15 Apr 2022 04:42:46 GMT - GET /discussion/css/style.css
Fri, 15 Apr 2022 04:42:54 GMT - GET /discussion/coba%20email
Fri, 15 Apr 2022 04:42:54 GMT - GET /discussion/css/style.css
Fri, 15 Apr 2022 04:43:02 GMT - GET /discussion/coba%20email
Fri, 15 Apr 2022 04:43:02 GMT - GET /discussion/css/style.css
Fri, 15 Apr 2022 04:44:13 GMT - GET /discussion/coba%20email
Fri, 15 Apr 2022 04:44:13 GMT - GET /login
Fri, 15 Apr 2022 04:44:18 GMT - POST /login
Fri, 15 Apr 2022 04:44:18 GMT - GET /index
Fri, 15 Apr 2022 04:44:20 GMT - GET /submain/Apple
Fri, 15 Apr 2022 04:44:20 GMT - GET /submain/css/style.css
Fri, 15 Apr 2022 04:44:22 GMT - GET /discussion/coba%20email
Fri, 15 Apr 2022 04:44:22 GMT - GET /discussion/css/style.css
Fri, 15 Apr 2022 04:45:33 GMT - GET /discussion/coba%20email
Fri, 15 Apr 2022 04:45:33 GMT - GET /login
Fri, 15 Apr 2022 04:45:39 GMT - POST /login
Fri, 15 Apr 2022 04:45:45 GMT - POST /login
Fri, 15 Apr 2022 04:45:51 GMT - POST /login
Fri, 15 Apr 2022 04:45:51 GMT - GET /index
Fri, 15 Apr 2022 04:45:52 GMT - GET /submain/Apple
Fri, 15 Apr 2022 04:45:52 GMT - GET /submain/css/style.css
Fri, 15 Apr 2022 04:45:55 GMT - GET /discussion/coba%20email
Fri, 15 Apr 2022 04:45:55 GMT - GET /discussion/css/style.css
Fri, 15 Apr 2022 04:46:36 GMT - GET /discussion/coba%20email
Fri, 15 Apr 2022 04:46:36 GMT - GET /discussion/css/style.css
Fri, 15 Apr 2022 04:46:45 GMT - GET /discussion/coba%20email
Fri, 15 Apr 2022 04:46:45 GMT - GET /discussion/css/style.css
Fri, 15 Apr 2022 04:46:57 GMT - GET /discussion/coba%20email
Fri, 15 Apr 2022 04:46:57 GMT - GET /discussion/css/style.css
Fri, 15 Apr 2022 04:46:58 GMT - GET /discussion/coba%20email
Fri, 15 Apr 2022 04:46:58 GMT - GET /discussion/css/style.css
Fri, 15 Apr 2022 04:47:00 GMT - GET /discussion/coba%20email
Fri, 15 Apr 2022 04:47:00 GMT - GET /discussion/css/style.css
Fri, 15 Apr 2022 04:47:00 GMT - GET /discussion/coba%20email
Fri, 15 Apr 2022 04:47:00 GMT - GET /discussion/css/style.css
Fri, 15 Apr 2022 04:47:01 GMT - GET /discussion/coba%20email
Fri, 15 Apr 2022 04:47:01 GMT - GET /discussion/css/style.css
Fri, 15 Apr 2022 04:47:01 GMT - GET /discussion/coba%20email
Fri, 15 Apr 2022 04:47:01 GMT - GET /discussion/css/style.css
Fri, 15 Apr 2022 04:47:01 GMT - GET /discussion/coba%20email
Fri, 15 Apr 2022 04:47:01 GMT - GET /discussion/css/style.css
Fri, 15 Apr 2022 04:47:01 GMT - GET /discussion/coba%20email
Fri, 15 Apr 2022 04:47:01 GMT - GET /discussion/css/style.css
Fri, 15 Apr 2022 04:47:02 GMT - GET /discussion/coba%20email
Fri, 15 Apr 2022 04:47:02 GMT - GET /discussion/css/style.css
Fri, 15 Apr 2022 04:47:02 GMT - GET /discussion/coba%20email
Fri, 15 Apr 2022 04:47:02 GMT - GET /discussion/css/style.css
Fri, 15 Apr 2022 04:47:02 GMT - GET /discussion/coba%20email
Fri, 15 Apr 2022 04:47:02 GMT - GET /discussion/css/style.css
Fri, 15 Apr 2022 04:47:02 GMT - GET /discussion/coba%20email
Fri, 15 Apr 2022 04:47:02 GMT - GET /discussion/css/style.css
Fri, 15 Apr 2022 04:47:02 GMT - GET /discussion/coba%20email
Fri, 15 Apr 2022 04:47:02 GMT - GET /discussion/css/style.css
Fri, 15 Apr 2022 04:47:03 GMT - GET /discussion/coba%20email
Fri, 15 Apr 2022 04:47:03 GMT - GET /discussion/css/style.css
Fri, 15 Apr 2022 04:49:55 GMT - GET /discussion/coba%20email
Fri, 15 Apr 2022 04:49:55 GMT - GET /login
Fri, 15 Apr 2022 04:50:00 GMT - POST /login
Fri, 15 Apr 2022 04:50:00 GMT - GET /index
Fri, 15 Apr 2022 04:50:01 GMT - GET /submain/Apple
Fri, 15 Apr 2022 04:50:01 GMT - GET /submain/css/style.css
Fri, 15 Apr 2022 04:50:03 GMT - GET /discussion/coba%20email
Fri, 15 Apr 2022 04:50:03 GMT - GET /discussion/css/style.css
Fri, 15 Apr 2022 04:50:15 GMT - GET /discussion/coba%20email
Fri, 15 Apr 2022 04:50:15 GMT - GET /discussion/css/style.css
Fri, 15 Apr 2022 04:50:28 GMT - GET /discussion/coba%20email
Fri, 15 Apr 2022 04:50:28 GMT - GET /discussion/css/style.css
Fri, 15 Apr 2022 04:50:40 GMT - GET /discussion/coba%20email
Fri, 15 Apr 2022 04:50:40 GMT - GET /discussion/css/style.css
Fri, 15 Apr 2022 04:51:11 GMT - GET /discussion/coba%20email
Fri, 15 Apr 2022 04:51:11 GMT - GET /discussion/css/style.css
Fri, 15 Apr 2022 04:51:23 GMT - GET /discussion/coba%20email
Fri, 15 Apr 2022 04:51:23 GMT - GET /discussion/css/style.css
Fri, 15 Apr 2022 04:51:35 GMT - GET /discussion/coba%20email
Fri, 15 Apr 2022 04:51:35 GMT - GET /discussion/css/style.css
Fri, 15 Apr 2022 04:51:47 GMT - GET /discussion/coba%20email
Fri, 15 Apr 2022 04:51:47 GMT - GET /discussion/css/style.css
Fri, 15 Apr 2022 04:51:57 GMT - GET /discussion/coba%20email
Fri, 15 Apr 2022 04:51:57 GMT - GET /discussion/css/style.css
Fri, 15 Apr 2022 04:52:11 GMT - GET /discussion/coba%20email
Fri, 15 Apr 2022 04:52:11 GMT - GET /discussion/css/style.css
Fri, 15 Apr 2022 04:52:18 GMT - GET /discussion/coba%20email
Fri, 15 Apr 2022 04:52:18 GMT - GET /discussion/css/style.css
Fri, 15 Apr 2022 04:52:25 GMT - GET /discussion/coba%20email
Fri, 15 Apr 2022 04:52:25 GMT - GET /discussion/css/style.css
Fri, 15 Apr 2022 04:53:28 GMT - GET /discussion/Mac%20Studio%20Si%20Pembangkit%20Tenaga%20Kreatif
Fri, 15 Apr 2022 04:53:28 GMT - GET /login
Fri, 15 Apr 2022 04:57:02 GMT - GET /signup
Fri, 15 Apr 2022 04:57:18 GMT - POST /signup
Fri, 15 Apr 2022 04:57:18 GMT - GET /index
Fri, 15 Apr 2022 04:57:20 GMT - GET /submain/Apple
Fri, 15 Apr 2022 04:57:20 GMT - GET /submain/css/style.css
Fri, 15 Apr 2022 04:57:22 GMT - GET /tambahsubmain
Fri, 15 Apr 2022 05:00:10 GMT - POST /submain_discussion
Fri, 15 Apr 2022 05:00:12 GMT - GET /logout
Fri, 15 Apr 2022 05:00:12 GMT - GET /
Fri, 15 Apr 2022 05:00:14 GMT - GET /login
Fri, 15 Apr 2022 05:00:23 GMT - POST /login
Fri, 15 Apr 2022 05:00:23 GMT - GET /index
Fri, 15 Apr 2022 05:00:24 GMT - GET /submain/Apple
Fri, 15 Apr 2022 05:00:24 GMT - GET /submain/css/style.css
Fri, 15 Apr 2022 05:00:28 GMT - GET /tambahsubmain
Fri, 15 Apr 2022 05:00:57 GMT - POST /submain_discussion
Fri, 15 Apr 2022 05:00:57 GMT - GET /index
Fri, 15 Apr 2022 05:00:58 GMT - GET /submain/Apple
Fri, 15 Apr 2022 05:00:58 GMT - GET /submain/css/style.css
Fri, 15 Apr 2022 05:01:03 GMT - GET /discussion/Roma%20ke%20Semifinal%20Conference%20League,%20Keyakinan%20Mourinho%20Bukan%20Omong%20Kosong
Fri, 15 Apr 2022 05:01:03 GMT - GET /discussion/css/style.css
Fri, 15 Apr 2022 05:02:21 GMT - GET /discussion/Roma%20ke%20Semifinal%20Conference%20League,%20Keyakinan%20Mourinho%20Bukan%20Omong%20Kosong
Fri, 15 Apr 2022 05:02:21 GMT - GET /login
Fri, 15 Apr 2022 05:02:26 GMT - POST /login
Fri, 15 Apr 2022 05:02:26 GMT - GET /index
Fri, 15 Apr 2022 05:02:27 GMT - GET /submain/Apple
Fri, 15 Apr 2022 05:02:27 GMT - GET /submain/css/style.css
Fri, 15 Apr 2022 05:02:29 GMT - GET /discussion/Roma%20ke%20Semifinal%20Conference%20League,%20Keyakinan%20Mourinho%20Bukan%20Omong%20Kosong
Fri, 15 Apr 2022 05:02:29 GMT - GET /discussion/css/style.css
Fri, 15 Apr 2022 05:04:39 GMT - GET /discussion/Roma%20ke%20Semifinal%20Conference%20League,%20Keyakinan%20Mourinho%20Bukan%20Omong%20Kosong
Fri, 15 Apr 2022 05:04:39 GMT - GET /login
Fri, 15 Apr 2022 05:04:45 GMT - POST /login
Fri, 15 Apr 2022 05:04:49 GMT - POST /login
Fri, 15 Apr 2022 05:04:49 GMT - GET /index
Fri, 15 Apr 2022 05:04:50 GMT - GET /submain/Apple
Fri, 15 Apr 2022 05:04:50 GMT - GET /submain/css/style.css
Fri, 15 Apr 2022 05:04:52 GMT - GET /discussion/Roma%20ke%20Semifinal%20Conference%20League,%20Keyakinan%20Mourinho%20Bukan%20Omong%20Kosong
Fri, 15 Apr 2022 05:04:52 GMT - GET /discussion/css/style.css
Fri, 15 Apr 2022 05:05:16 GMT - GET /discussion/Roma%20ke%20Semifinal%20Conference%20League,%20Keyakinan%20Mourinho%20Bukan%20Omong%20Kosong
Fri, 15 Apr 2022 05:05:16 GMT - GET /discussion/css/style.css
Fri, 15 Apr 2022 05:05:37 GMT - GET /discussion/Roma%20ke%20Semifinal%20Conference%20League,%20Keyakinan%20Mourinho%20Bukan%20Omong%20Kosong
Fri, 15 Apr 2022 05:05:37 GMT - GET /discussion/css/style.css
Fri, 15 Apr 2022 05:05:47 GMT - GET /discussion/Roma%20ke%20Semifinal%20Conference%20League,%20Keyakinan%20Mourinho%20Bukan%20Omong%20Kosong
Fri, 15 Apr 2022 05:05:47 GMT - GET /discussion/css/style.css
Fri, 15 Apr 2022 05:06:01 GMT - GET /discussion/Roma%20ke%20Semifinal%20Conference%20League,%20Keyakinan%20Mourinho%20Bukan%20Omong%20Kosong
Fri, 15 Apr 2022 05:06:01 GMT - GET /discussion/css/style.css
Fri, 15 Apr 2022 05:06:42 GMT - GET /discussion/Roma%20ke%20Semifinal%20Conference%20League,%20Keyakinan%20Mourinho%20Bukan%20Omong%20Kosong
Fri, 15 Apr 2022 05:06:42 GMT - GET /discussion/css/style.css
Fri, 15 Apr 2022 05:14:33 GMT - GET /discussion/Roma%20ke%20Semifinal%20Conference%20League,%20Keyakinan%20Mourinho%20Bukan%20Omong%20Kosong
Fri, 15 Apr 2022 05:14:33 GMT - GET /login
Fri, 15 Apr 2022 05:15:20 GMT - POST /login
Fri, 15 Apr 2022 05:15:20 GMT - GET /index
Fri, 15 Apr 2022 05:15:21 GMT - GET /submain/Apple
Fri, 15 Apr 2022 05:15:21 GMT - GET /submain/css/style.css
Fri, 15 Apr 2022 05:15:23 GMT - GET /discussion/Roma%20ke%20Semifinal%20Conference%20League,%20Keyakinan%20Mourinho%20Bukan%20Omong%20Kosong
Fri, 15 Apr 2022 05:15:37 GMT - GET /discussion/Roma%20ke%20Semifinal%20Conference%20League,%20Keyakinan%20Mourinho%20Bukan%20Omong%20Kosong
Fri, 15 Apr 2022 05:15:37 GMT - GET /discussion/css/style.css
Fri, 15 Apr 2022 05:15:58 GMT - GET /discussion/Roma%20ke%20Semifinal%20Conference%20League,%20Keyakinan%20Mourinho%20Bukan%20Omong%20Kosong
Fri, 15 Apr 2022 05:15:58 GMT - GET /discussion/css/style.css
Fri, 15 Apr 2022 05:16:08 GMT - GET /discussion/Roma%20ke%20Semifinal%20Conference%20League,%20Keyakinan%20Mourinho%20Bukan%20Omong%20Kosong
Fri, 15 Apr 2022 05:16:08 GMT - GET /discussion/css/style.css
Fri, 15 Apr 2022 05:16:22 GMT - GET /discussion/Roma%20ke%20Semifinal%20Conference%20League,%20Keyakinan%20Mourinho%20Bukan%20Omong%20Kosong
Fri, 15 Apr 2022 05:16:22 GMT - GET /discussion/css/style.css
Fri, 15 Apr 2022 05:16:30 GMT - GET /discussion/Roma%20ke%20Semifinal%20Conference%20League,%20Keyakinan%20Mourinho%20Bukan%20Omong%20Kosong
Fri, 15 Apr 2022 05:16:30 GMT - GET /discussion/css/style.css
Fri, 15 Apr 2022 05:16:37 GMT - GET /discussion/Roma%20ke%20Semifinal%20Conference%20League,%20Keyakinan%20Mourinho%20Bukan%20Omong%20Kosong
Fri, 15 Apr 2022 05:16:37 GMT - GET /discussion/css/style.css
Fri, 15 Apr 2022 05:21:09 GMT - GET /discussion/Roma%20ke%20Semifinal%20Conference%20League,%20Keyakinan%20Mourinho%20Bukan%20Omong%20Kosong
Fri, 15 Apr 2022 05:21:09 GMT - GET /login
Fri, 15 Apr 2022 05:21:15 GMT - POST /login
Fri, 15 Apr 2022 05:21:15 GMT - GET /index
Fri, 15 Apr 2022 05:21:16 GMT - GET /submain/Apple
Fri, 15 Apr 2022 05:21:16 GMT - GET /submain/css/style.css
Fri, 15 Apr 2022 05:21:18 GMT - GET /discussion/Roma%20ke%20Semifinal%20Conference%20League,%20Keyakinan%20Mourinho%20Bukan%20Omong%20Kosong
Fri, 15 Apr 2022 05:21:18 GMT - GET /discussion/css/style.css
Fri, 15 Apr 2022 05:23:12 GMT - GET /discussion/Roma%20ke%20Semifinal%20Conference%20League,%20Keyakinan%20Mourinho%20Bukan%20Omong%20Kosong
Fri, 15 Apr 2022 05:23:12 GMT - GET /login
Fri, 15 Apr 2022 05:23:16 GMT - POST /login
Fri, 15 Apr 2022 05:23:16 GMT - GET /index
Fri, 15 Apr 2022 05:23:17 GMT - GET /submain/Apple
Fri, 15 Apr 2022 05:23:17 GMT - GET /submain/css/style.css
Fri, 15 Apr 2022 05:23:19 GMT - GET /discussion/Roma%20ke%20Semifinal%20Conference%20League,%20Keyakinan%20Mourinho%20Bukan%20Omong%20Kosong
Fri, 15 Apr 2022 05:23:20 GMT - GET /discussion/css/style.css
Fri, 15 Apr 2022 05:23:30 GMT - POST /thread_comment
Fri, 15 Apr 2022 05:23:30 GMT - GET /discussion/Roma%20ke%20Semifinal%20Conference%20League,%20Keyakinan%20Mourinho%20Bukan%20Omong%20Kosong
Fri, 15 Apr 2022 05:23:30 GMT - GET /discussion/css/style.css
Fri, 15 Apr 2022 05:28:54 GMT - GET /discussion/Roma%20ke%20Semifinal%20Conference%20League,%20Keyakinan%20Mourinho%20Bukan%20Omong%20Kosong
Fri, 15 Apr 2022 05:28:54 GMT - GET /login
Fri, 15 Apr 2022 05:28:59 GMT - POST /login
Fri, 15 Apr 2022 05:28:59 GMT - GET /index
Fri, 15 Apr 2022 05:29:01 GMT - GET /submain/Apple
Fri, 15 Apr 2022 05:29:01 GMT - GET /submain/css/style.css
Fri, 15 Apr 2022 05:29:02 GMT - GET /discussion/Roma%20ke%20Semifinal%20Conference%20League,%20Keyakinan%20Mourinho%20Bukan%20Omong%20Kosong
Fri, 15 Apr 2022 05:29:02 GMT - GET /discussion/css/style.css
Fri, 15 Apr 2022 05:30:21 GMT - GET /thread_comment
Fri, 15 Apr 2022 05:30:29 GMT - GET /discussion/Roma%20ke%20Semifinal%20Conference%20League,%20Keyakinan%20Mourinho%20Bukan%20Omong%20Kosong
Fri, 15 Apr 2022 05:30:29 GMT - GET /login
Fri, 15 Apr 2022 05:30:48 GMT - POST /login
Fri, 15 Apr 2022 05:30:48 GMT - GET /index
Fri, 15 Apr 2022 05:30:50 GMT - GET /submain/Apple
Fri, 15 Apr 2022 05:30:50 GMT - GET /submain/css/style.css
Fri, 15 Apr 2022 05:30:52 GMT - GET /discussion/Roma%20ke%20Semifinal%20Conference%20League,%20Keyakinan%20Mourinho%20Bukan%20Omong%20Kosong
Fri, 15 Apr 2022 05:30:52 GMT - GET /discussion/css/style.css
Fri, 15 Apr 2022 05:31:50 GMT - GET /discussion/Roma%20ke%20Semifinal%20Conference%20League,%20Keyakinan%20Mourinho%20Bukan%20Omong%20Kosong
Fri, 15 Apr 2022 05:31:50 GMT - GET /login
Fri, 15 Apr 2022 05:31:55 GMT - POST /login
Fri, 15 Apr 2022 05:31:55 GMT - GET /index
Fri, 15 Apr 2022 05:31:56 GMT - GET /submain/Apple
Fri, 15 Apr 2022 05:31:56 GMT - GET /submain/css/style.css
Fri, 15 Apr 2022 05:31:59 GMT - GET /discussion/Roma%20ke%20Semifinal%20Conference%20League,%20Keyakinan%20Mourinho%20Bukan%20Omong%20Kosong
Fri, 15 Apr 2022 05:31:59 GMT - GET /discussion/css/style.css
Fri, 15 Apr 2022 05:32:04 GMT - POST /thread_comment
Fri, 15 Apr 2022 05:32:40 GMT - GET /discussion/Roma%20ke%20Semifinal%20Conference%20League,%20Keyakinan%20Mourinho%20Bukan%20Omong%20Kosong
Fri, 15 Apr 2022 05:32:40 GMT - GET /discussion/css/style.css
Fri, 15 Apr 2022 05:34:45 GMT - GET /discussion/Roma%20ke%20Semifinal%20Conference%20League,%20Keyakinan%20Mourinho%20Bukan%20Omong%20Kosong
Fri, 15 Apr 2022 05:34:45 GMT - GET /login
Fri, 15 Apr 2022 05:34:51 GMT - POST /login
Fri, 15 Apr 2022 05:34:51 GMT - GET /index
Fri, 15 Apr 2022 05:34:52 GMT - GET /submain/Apple
Fri, 15 Apr 2022 05:34:52 GMT - GET /submain/css/style.css
Fri, 15 Apr 2022 05:34:54 GMT - GET /discussion/Roma%20ke%20Semifinal%20Conference%20League,%20Keyakinan%20Mourinho%20Bukan%20Omong%20Kosong
Fri, 15 Apr 2022 05:34:54 GMT - GET /discussion/css/style.css
Fri, 15 Apr 2022 05:40:28 GMT - POST /thread_comment/Roma%20ke%20Semifinal%20Conference%20League,%20Keyakinan%20Mourinho%20Bukan%20Omong%20Kosong
Fri, 15 Apr 2022 05:40:28 GMT - GET /discussion/Roma%20ke%20Semifinal%20Conference%20League,%20Keyakinan%20Mourinho%20Bukan%20Omong%20Kosong
Fri, 15 Apr 2022 05:40:28 GMT - GET /login
Fri, 15 Apr 2022 05:40:32 GMT - POST /login
Fri, 15 Apr 2022 05:40:32 GMT - GET /index
Fri, 15 Apr 2022 05:40:34 GMT - GET /submain/Apple
Fri, 15 Apr 2022 05:40:34 GMT - GET /submain/css/style.css
Fri, 15 Apr 2022 05:40:36 GMT - GET /discussion/Roma%20ke%20Semifinal%20Conference%20League,%20Keyakinan%20Mourinho%20Bukan%20Omong%20Kosong
Fri, 15 Apr 2022 05:40:36 GMT - GET /discussion/css/style.css
Fri, 15 Apr 2022 05:40:43 GMT - POST /thread_comment/Roma%20ke%20Semifinal%20Conference%20League,%20Keyakinan%20Mourinho%20Bukan%20Omong%20Kosong
Fri, 15 Apr 2022 05:40:43 GMT - GET /index
Fri, 15 Apr 2022 05:40:52 GMT - GET /submain/Apple
Fri, 15 Apr 2022 05:40:52 GMT - GET /submain/css/style.css
Fri, 15 Apr 2022 05:40:54 GMT - GET /discussion/Roma%20ke%20Semifinal%20Conference%20League,%20Keyakinan%20Mourinho%20Bukan%20Omong%20Kosong
Fri, 15 Apr 2022 05:40:54 GMT - GET /discussion/css/style.css
Fri, 15 Apr 2022 05:46:12 GMT - GET /discussion/Roma%20ke%20Semifinal%20Conference%20League,%20Keyakinan%20Mourinho%20Bukan%20Omong%20Kosong
Fri, 15 Apr 2022 05:46:12 GMT - GET /login
Fri, 15 Apr 2022 05:46:18 GMT - POST /login
Fri, 15 Apr 2022 05:46:18 GMT - GET /index
Fri, 15 Apr 2022 05:46:19 GMT - GET /submain/Apple
Fri, 15 Apr 2022 05:46:19 GMT - GET /submain/css/style.css
Fri, 15 Apr 2022 05:46:44 GMT - GET /discussion/Roma%20ke%20Semifinal%20Conference%20League,%20Keyakinan%20Mourinho%20Bukan%20Omong%20Kosong
Fri, 15 Apr 2022 05:46:44 GMT - GET /login
Fri, 15 Apr 2022 05:46:44 GMT - GET /login
Fri, 15 Apr 2022 05:46:48 GMT - POST /login
Fri, 15 Apr 2022 05:46:48 GMT - GET /index
Fri, 15 Apr 2022 05:46:49 GMT - GET /submain/Apple
Fri, 15 Apr 2022 05:46:49 GMT - GET /submain/css/style.css
Fri, 15 Apr 2022 05:46:51 GMT - GET /discussion/Roma%20ke%20Semifinal%20Conference%20League,%20Keyakinan%20Mourinho%20Bukan%20Omong%20Kosong
Fri, 15 Apr 2022 05:46:51 GMT - GET /discussion/css/style.css
Fri, 15 Apr 2022 05:47:19 GMT - GET /discussion/Roma%20ke%20Semifinal%20Conference%20League,%20Keyakinan%20Mourinho%20Bukan%20Omong%20Kosong
Fri, 15 Apr 2022 05:47:19 GMT - GET /discussion/css/style.css
Fri, 15 Apr 2022 05:47:56 GMT - GET /discussion/Roma%20ke%20Semifinal%20Conference%20League,%20Keyakinan%20Mourinho%20Bukan%20Omong%20Kosong
Fri, 15 Apr 2022 05:47:56 GMT - GET /discussion/css/style.css
Fri, 15 Apr 2022 05:48:29 GMT - GET /discussion/Roma%20ke%20Semifinal%20Conference%20League,%20Keyakinan%20Mourinho%20Bukan%20Omong%20Kosong
Fri, 15 Apr 2022 05:48:29 GMT - GET /discussion/css/style.css
Fri, 15 Apr 2022 05:50:20 GMT - GET /discussion/Roma%20ke%20Semifinal%20Conference%20League,%20Keyakinan%20Mourinho%20Bukan%20Omong%20Kosong
Fri, 15 Apr 2022 05:50:20 GMT - GET /login
Fri, 15 Apr 2022 05:50:25 GMT - POST /login
Fri, 15 Apr 2022 05:50:25 GMT - GET /index
Fri, 15 Apr 2022 05:50:27 GMT - GET /submain/Apple
Fri, 15 Apr 2022 05:50:27 GMT - GET /submain/css/style.css
Fri, 15 Apr 2022 05:50:29 GMT - GET /discussion/Roma%20ke%20Semifinal%20Conference%20League,%20Keyakinan%20Mourinho%20Bukan%20Omong%20Kosong
Fri, 15 Apr 2022 05:51:21 GMT - GET /discussion/Roma%20ke%20Semifinal%20Conference%20League,%20Keyakinan%20Mourinho%20Bukan%20Omong%20Kosong
Fri, 15 Apr 2022 05:51:21 GMT - GET /login
Fri, 15 Apr 2022 05:51:27 GMT - POST /login
Fri, 15 Apr 2022 05:51:27 GMT - GET /index
Fri, 15 Apr 2022 05:51:28 GMT - GET /submain/Apple
Fri, 15 Apr 2022 05:51:28 GMT - GET /submain/css/style.css
Fri, 15 Apr 2022 05:51:30 GMT - GET /discussion/Roma%20ke%20Semifinal%20Conference%20League,%20Keyakinan%20Mourinho%20Bukan%20Omong%20Kosong
Fri, 15 Apr 2022 05:55:45 GMT - GET /submain/Apple
Fri, 15 Apr 2022 05:55:45 GMT - GET /login
Fri, 15 Apr 2022 05:55:50 GMT - POST /login
Fri, 15 Apr 2022 05:55:50 GMT - GET /index
Fri, 15 Apr 2022 05:55:51 GMT - GET /submain/Apple
Fri, 15 Apr 2022 05:55:51 GMT - GET /submain/css/style.css
Fri, 15 Apr 2022 05:55:53 GMT - GET /discussion/Roma%20ke%20Semifinal%20Conference%20League,%20Keyakinan%20Mourinho%20Bukan%20Omong%20Kosong
Fri, 15 Apr 2022 05:56:34 GMT - GET /discussion/Roma%20ke%20Semifinal%20Conference%20League,%20Keyakinan%20Mourinho%20Bukan%20Omong%20Kosong
Fri, 15 Apr 2022 05:56:34 GMT - GET /login
Fri, 15 Apr 2022 05:56:43 GMT - POST /login
Fri, 15 Apr 2022 05:56:43 GMT - GET /index
Fri, 15 Apr 2022 05:56:44 GMT - GET /submain/Apple
Fri, 15 Apr 2022 05:56:44 GMT - GET /submain/css/style.css
Fri, 15 Apr 2022 05:56:46 GMT - GET /discussion/Roma%20ke%20Semifinal%20Conference%20League,%20Keyakinan%20Mourinho%20Bukan%20Omong%20Kosong
Fri, 15 Apr 2022 05:57:24 GMT - GET /discussion/Roma%20ke%20Semifinal%20Conference%20League,%20Keyakinan%20Mourinho%20Bukan%20Omong%20Kosong
Fri, 15 Apr 2022 05:57:24 GMT - GET /login
Fri, 15 Apr 2022 05:57:28 GMT - POST /login
Fri, 15 Apr 2022 05:57:28 GMT - GET /index
Fri, 15 Apr 2022 05:57:29 GMT - GET /submain/Apple
Fri, 15 Apr 2022 05:57:29 GMT - GET /submain/css/style.css
Fri, 15 Apr 2022 05:57:31 GMT - GET /discussion/Roma%20ke%20Semifinal%20Conference%20League,%20Keyakinan%20Mourinho%20Bukan%20Omong%20Kosong
Fri, 15 Apr 2022 05:58:27 GMT - GET /discussion/Roma%20ke%20Semifinal%20Conference%20League,%20Keyakinan%20Mourinho%20Bukan%20Omong%20Kosong
Fri, 15 Apr 2022 05:58:27 GMT - GET /login
Fri, 15 Apr 2022 05:58:33 GMT - POST /login
Fri, 15 Apr 2022 05:58:33 GMT - GET /index
Fri, 15 Apr 2022 05:58:34 GMT - GET /submain/Apple
Fri, 15 Apr 2022 05:58:34 GMT - GET /submain/css/style.css
Fri, 15 Apr 2022 05:58:36 GMT - GET /discussion/Roma%20ke%20Semifinal%20Conference%20League,%20Keyakinan%20Mourinho%20Bukan%20Omong%20Kosong
Fri, 15 Apr 2022 05:58:48 GMT - GET /discussion/Roma%20ke%20Semifinal%20Conference%20League,%20Keyakinan%20Mourinho%20Bukan%20Omong%20Kosong
Fri, 15 Apr 2022 05:59:26 GMT - GET /discussion/Roma%20ke%20Semifinal%20Conference%20League,%20Keyakinan%20Mourinho%20Bukan%20Omong%20Kosong
Fri, 15 Apr 2022 05:59:26 GMT - GET /login
Fri, 15 Apr 2022 05:59:31 GMT - POST /login
Fri, 15 Apr 2022 05:59:31 GMT - GET /index
Fri, 15 Apr 2022 05:59:32 GMT - GET /submain/Apple
Fri, 15 Apr 2022 05:59:32 GMT - GET /submain/css/style.css
Fri, 15 Apr 2022 05:59:34 GMT - GET /discussion/Roma%20ke%20Semifinal%20Conference%20League,%20Keyakinan%20Mourinho%20Bukan%20Omong%20Kosong
Fri, 15 Apr 2022 06:00:02 GMT - GET /discussion/Roma%20ke%20Semifinal%20Conference%20League,%20Keyakinan%20Mourinho%20Bukan%20Omong%20Kosong
Fri, 15 Apr 2022 06:00:33 GMT - GET /discussion/Roma%20ke%20Semifinal%20Conference%20League,%20Keyakinan%20Mourinho%20Bukan%20Omong%20Kosong
Fri, 15 Apr 2022 06:00:33 GMT - GET /discussion/css/style.css
Fri, 15 Apr 2022 06:01:00 GMT - GET /discussion/Roma%20ke%20Semifinal%20Conference%20League,%20Keyakinan%20Mourinho%20Bukan%20Omong%20Kosong
Fri, 15 Apr 2022 06:01:00 GMT - GET /discussion/css/style.css
Fri, 15 Apr 2022 06:01:01 GMT - GET /discussion/Roma%20ke%20Semifinal%20Conference%20League,%20Keyakinan%20Mourinho%20Bukan%20Omong%20Kosong
Fri, 15 Apr 2022 06:01:02 GMT - GET /discussion/css/style.css
Fri, 15 Apr 2022 06:01:09 GMT - GET /discussion/Roma%20ke%20Semifinal%20Conference%20League,%20Keyakinan%20Mourinho%20Bukan%20Omong%20Kosong
Fri, 15 Apr 2022 06:01:09 GMT - GET /discussion/css/style.css
Fri, 15 Apr 2022 06:01:26 GMT - GET /discussion/Roma%20ke%20Semifinal%20Conference%20League,%20Keyakinan%20Mourinho%20Bukan%20Omong%20Kosong
Fri, 15 Apr 2022 06:01:26 GMT - GET /discussion/css/style.css
Fri, 15 Apr 2022 06:06:46 GMT - GET /discussion/Roma%20ke%20Semifinal%20Conference%20League,%20Keyakinan%20Mourinho%20Bukan%20Omong%20Kosong
Fri, 15 Apr 2022 06:06:46 GMT - GET /login
Fri, 15 Apr 2022 06:06:51 GMT - POST /login
Fri, 15 Apr 2022 06:06:51 GMT - GET /index
Fri, 15 Apr 2022 06:06:53 GMT - GET /submain/Apple
Fri, 15 Apr 2022 06:06:53 GMT - GET /submain/css/style.css
Fri, 15 Apr 2022 06:06:54 GMT - GET /discussion/Roma%20ke%20Semifinal%20Conference%20League,%20Keyakinan%20Mourinho%20Bukan%20Omong%20Kosong
Fri, 15 Apr 2022 06:06:54 GMT - GET /discussion/css/style.css
Fri, 15 Apr 2022 06:06:58 GMT - POST /thread_comment/
Fri, 15 Apr 2022 06:07:35 GMT - GET /thread_comment/
Fri, 15 Apr 2022 06:07:38 GMT - GET /
Fri, 15 Apr 2022 06:08:19 GMT - GET /index
Fri, 15 Apr 2022 06:08:19 GMT - GET /login
Fri, 15 Apr 2022 06:08:36 GMT - POST /login
Fri, 15 Apr 2022 06:08:41 GMT - POST /login
Fri, 15 Apr 2022 06:08:43 GMT - POST /login
Fri, 15 Apr 2022 06:08:56 GMT - POST /login
Fri, 15 Apr 2022 06:08:56 GMT - GET /index
Fri, 15 Apr 2022 06:08:59 GMT - GET /submain/Apple
Fri, 15 Apr 2022 06:08:59 GMT - GET /submain/css/style.css
Fri, 15 Apr 2022 06:09:03 GMT - GET /discussion/Roma%20ke%20Semifinal%20Conference%20League,%20Keyakinan%20Mourinho%20Bukan%20Omong%20Kosong
Fri, 15 Apr 2022 06:09:03 GMT - GET /discussion/css/style.css
Fri, 15 Apr 2022 06:09:48 GMT - GET /thread_comment/Roma%20ke%20Semifinal%20Conference%20League,%20Keyakinan%20Mourinho%20Bukan%20Omong%20Kosong
Fri, 15 Apr 2022 06:09:51 GMT - POST /thread_comment/Roma%20ke%20Semifinal%20Conference%20League,%20Keyakinan%20Mourinho%20Bukan%20Omong%20Kosong
Fri, 15 Apr 2022 06:09:51 GMT - GET /login
Fri, 15 Apr 2022 06:09:57 GMT - POST /login
Fri, 15 Apr 2022 06:09:57 GMT - GET /index
Fri, 15 Apr 2022 06:09:58 GMT - GET /submain/Apple
Fri, 15 Apr 2022 06:09:58 GMT - GET /submain/css/style.css
Fri, 15 Apr 2022 06:10:00 GMT - GET /discussion/Roma%20ke%20Semifinal%20Conference%20League,%20Keyakinan%20Mourinho%20Bukan%20Omong%20Kosong
Fri, 15 Apr 2022 06:10:00 GMT - GET /discussion/css/style.css
Fri, 15 Apr 2022 06:10:13 GMT - GET /thread_comment/Roma%20ke%20Semifinal%20Conference%20League,%20Keyakinan%20Mourinho%20Bukan%20Omong%20Kosong
Fri, 15 Apr 2022 06:10:15 GMT - POST /thread_comment/Roma%20ke%20Semifinal%20Conference%20League,%20Keyakinan%20Mourinho%20Bukan%20Omong%20Kosong
Fri, 15 Apr 2022 06:10:15 GMT - GET /login
Fri, 15 Apr 2022 06:10:40 GMT - POST /login
Fri, 15 Apr 2022 06:10:45 GMT - POST /login
Fri, 15 Apr 2022 06:10:45 GMT - GET /index
Fri, 15 Apr 2022 06:10:46 GMT - GET /submain/Apple
Fri, 15 Apr 2022 06:10:46 GMT - GET /submain/css/style.css
Fri, 15 Apr 2022 06:10:48 GMT - GET /discussion/Roma%20ke%20Semifinal%20Conference%20League,%20Keyakinan%20Mourinho%20Bukan%20Omong%20Kosong
Fri, 15 Apr 2022 06:10:48 GMT - GET /discussion/css/style.css
Fri, 15 Apr 2022 06:10:50 GMT - POST /thread_comment/Roma%20ke%20Semifinal%20Conference%20League,%20Keyakinan%20Mourinho%20Bukan%20Omong%20Kosong
Fri, 15 Apr 2022 06:10:50 GMT - GET /index
Fri, 15 Apr 2022 06:11:00 GMT - GET /submain/Apple
Fri, 15 Apr 2022 06:11:00 GMT - GET /submain/css/style.css
Fri, 15 Apr 2022 06:11:02 GMT - GET /discussion/Roma%20ke%20Semifinal%20Conference%20League,%20Keyakinan%20Mourinho%20Bukan%20Omong%20Kosong
Fri, 15 Apr 2022 06:11:02 GMT - GET /discussion/css/style.css
Fri, 15 Apr 2022 06:11:45 GMT - GET /discussion/Roma%20ke%20Semifinal%20Conference%20League,%20Keyakinan%20Mourinho%20Bukan%20Omong%20Kosong
Fri, 15 Apr 2022 06:12:29 GMT - GET /discussion/Roma%20ke%20Semifinal%20Conference%20League,%20Keyakinan%20Mourinho%20Bukan%20Omong%20Kosong
Fri, 15 Apr 2022 06:12:29 GMT - GET /discussion/css/style.css
Fri, 15 Apr 2022 06:12:54 GMT - GET /logout
Fri, 15 Apr 2022 06:12:54 GMT - GET /
Fri, 15 Apr 2022 06:12:56 GMT - GET /login
Fri, 15 Apr 2022 06:13:02 GMT - POST /login
Fri, 15 Apr 2022 06:13:02 GMT - GET /index
Fri, 15 Apr 2022 06:13:05 GMT - GET /submain/Apple
Fri, 15 Apr 2022 06:13:05 GMT - GET /submain/css/style.css
Fri, 15 Apr 2022 06:13:08 GMT - GET /discussion/Roma%20ke%20Semifinal%20Conference%20League,%20Keyakinan%20Mourinho%20Bukan%20Omong%20Kosong
Fri, 15 Apr 2022 06:13:08 GMT - GET /discussion/css/style.css
Fri, 15 Apr 2022 06:13:12 GMT - POST /thread_comment/Roma%20ke%20Semifinal%20Conference%20League,%20Keyakinan%20Mourinho%20Bukan%20Omong%20Kosong
Fri, 15 Apr 2022 06:13:12 GMT - GET /index
Fri, 15 Apr 2022 06:13:14 GMT - GET /submain/Apple
Fri, 15 Apr 2022 06:13:14 GMT - GET /submain/css/style.css
Fri, 15 Apr 2022 06:13:16 GMT - GET /discussion/Roma%20ke%20Semifinal%20Conference%20League,%20Keyakinan%20Mourinho%20Bukan%20Omong%20Kosong
Fri, 15 Apr 2022 06:13:16 GMT - GET /discussion/css/style.css
Fri, 15 Apr 2022 06:14:06 GMT - GET /discussion/Roma%20ke%20Semifinal%20Conference%20League,%20Keyakinan%20Mourinho%20Bukan%20Omong%20Kosong
Fri, 15 Apr 2022 06:14:20 GMT - GET /discussion/Roma%20ke%20Semifinal%20Conference%20League,%20Keyakinan%20Mourinho%20Bukan%20Omong%20Kosong
Fri, 15 Apr 2022 06:17:26 GMT - GET /discussion/Roma%20ke%20Semifinal%20Conference%20League,%20Keyakinan%20Mourinho%20Bukan%20Omong%20Kosong
Fri, 15 Apr 2022 06:17:26 GMT - GET /login
Fri, 15 Apr 2022 06:17:31 GMT - POST /login
Fri, 15 Apr 2022 06:17:31 GMT - GET /index
Fri, 15 Apr 2022 06:17:32 GMT - GET /submain/Apple
Fri, 15 Apr 2022 06:17:32 GMT - GET /submain/css/style.css
Fri, 15 Apr 2022 06:17:34 GMT - GET /discussion/Roma%20ke%20Semifinal%20Conference%20League,%20Keyakinan%20Mourinho%20Bukan%20Omong%20Kosong
Fri, 15 Apr 2022 06:17:34 GMT - GET /discussion/css/style.css
Fri, 15 Apr 2022 06:19:32 GMT - GET /discussion/Roma%20ke%20Semifinal%20Conference%20League,%20Keyakinan%20Mourinho%20Bukan%20Omong%20Kosong
Fri, 15 Apr 2022 06:19:32 GMT - GET /login
Fri, 15 Apr 2022 06:19:41 GMT - POST /login
Fri, 15 Apr 2022 06:19:41 GMT - GET /index
Fri, 15 Apr 2022 06:19:42 GMT - GET /submain/Apple
Fri, 15 Apr 2022 06:19:42 GMT - GET /submain/css/style.css
Fri, 15 Apr 2022 06:19:44 GMT - GET /discussion/Roma%20ke%20Semifinal%20Conference%20League,%20Keyakinan%20Mourinho%20Bukan%20Omong%20Kosong
Fri, 15 Apr 2022 06:19:44 GMT - GET /discussion/css/style.css
Fri, 15 Apr 2022 06:20:35 GMT - GET /discussion/Roma%20ke%20Semifinal%20Conference%20League,%20Keyakinan%20Mourinho%20Bukan%20Omong%20Kosong
Fri, 15 Apr 2022 06:20:35 GMT - GET /discussion/css/style.css
Fri, 15 Apr 2022 06:20:37 GMT - GET /discussion/Roma%20ke%20Semifinal%20Conference%20League,%20Keyakinan%20Mourinho%20Bukan%20Omong%20Kosong
Fri, 15 Apr 2022 06:20:37 GMT - GET /discussion/css/style.css
Fri, 15 Apr 2022 06:20:40 GMT - GET /discussion/Roma%20ke%20Semifinal%20Conference%20League,%20Keyakinan%20Mourinho%20Bukan%20Omong%20Kosong
Fri, 15 Apr 2022 06:20:40 GMT - GET /discussion/css/style.css
Fri, 15 Apr 2022 06:21:33 GMT - GET /discussion/Roma%20ke%20Semifinal%20Conference%20League,%20Keyakinan%20Mourinho%20Bukan%20Omong%20Kosong
Fri, 15 Apr 2022 06:21:33 GMT - GET /login
Fri, 15 Apr 2022 06:21:37 GMT - POST /login
Fri, 15 Apr 2022 06:21:37 GMT - GET /index
Fri, 15 Apr 2022 06:21:39 GMT - GET /submain/Apple
Fri, 15 Apr 2022 06:21:39 GMT - GET /submain/css/style.css
Fri, 15 Apr 2022 06:21:40 GMT - GET /discussion/Roma%20ke%20Semifinal%20Conference%20League,%20Keyakinan%20Mourinho%20Bukan%20Omong%20Kosong
Fri, 15 Apr 2022 06:21:52 GMT - GET /discussion/Roma%20ke%20Semifinal%20Conference%20League,%20Keyakinan%20Mourinho%20Bukan%20Omong%20Kosong
Fri, 15 Apr 2022 06:21:52 GMT - GET /discussion/css/style.css
Fri, 15 Apr 2022 06:22:44 GMT - GET /discussion/Roma%20ke%20Semifinal%20Conference%20League,%20Keyakinan%20Mourinho%20Bukan%20Omong%20Kosong
Fri, 15 Apr 2022 06:22:44 GMT - GET /login
Fri, 15 Apr 2022 06:22:49 GMT - POST /login
Fri, 15 Apr 2022 06:22:49 GMT - GET /index
Fri, 15 Apr 2022 06:22:51 GMT - GET /submain/Apple
Fri, 15 Apr 2022 06:22:51 GMT - GET /submain/css/style.css
Fri, 15 Apr 2022 06:22:52 GMT - GET /discussion/Roma%20ke%20Semifinal%20Conference%20League,%20Keyakinan%20Mourinho%20Bukan%20Omong%20Kosong
Fri, 15 Apr 2022 06:22:52 GMT - GET /discussion/css/style.css
Fri, 15 Apr 2022 06:26:10 GMT - GET /discussion/Roma%20ke%20Semifinal%20Conference%20League,%20Keyakinan%20Mourinho%20Bukan%20Omong%20Kosong
Fri, 15 Apr 2022 06:26:10 GMT - GET /login
Fri, 15 Apr 2022 06:26:15 GMT - POST /login
Fri, 15 Apr 2022 06:26:15 GMT - GET /index
Fri, 15 Apr 2022 06:26:16 GMT - GET /submain/Apple
Fri, 15 Apr 2022 06:26:16 GMT - GET /submain/css/style.css
Fri, 15 Apr 2022 06:26:18 GMT - GET /discussion/Roma%20ke%20Semifinal%20Conference%20League,%20Keyakinan%20Mourinho%20Bukan%20Omong%20Kosong
Fri, 15 Apr 2022 06:26:18 GMT - GET /discussion/css/style.css
Fri, 15 Apr 2022 06:28:08 GMT - GET /discussion/Roma%20ke%20Semifinal%20Conference%20League,%20Keyakinan%20Mourinho%20Bukan%20Omong%20Kosong
Fri, 15 Apr 2022 06:28:08 GMT - GET /login
Fri, 15 Apr 2022 06:28:12 GMT - POST /login
Fri, 15 Apr 2022 06:28:12 GMT - GET /index
Fri, 15 Apr 2022 06:28:13 GMT - GET /submain/Apple
Fri, 15 Apr 2022 06:28:13 GMT - GET /submain/css/style.css
Fri, 15 Apr 2022 06:28:14 GMT - GET /discussion/Roma%20ke%20Semifinal%20Conference%20League,%20Keyakinan%20Mourinho%20Bukan%20Omong%20Kosong
Fri, 15 Apr 2022 06:28:14 GMT - GET /discussion/css/style.css
Fri, 15 Apr 2022 06:28:46 GMT - GET /discussion/Roma%20ke%20Semifinal%20Conference%20League,%20Keyakinan%20Mourinho%20Bukan%20Omong%20Kosong
Fri, 15 Apr 2022 06:28:46 GMT - GET /discussion/css/style.css
Fri, 15 Apr 2022 06:29:18 GMT - GET /discussion/Roma%20ke%20Semifinal%20Conference%20League,%20Keyakinan%20Mourinho%20Bukan%20Omong%20Kosong
Fri, 15 Apr 2022 06:29:18 GMT - GET /discussion/css/style.css
Fri, 15 Apr 2022 06:30:48 GMT - POST /thread_comment/Roma%20ke%20Semifinal%20Conference%20League,%20Keyakinan%20Mourinho%20Bukan%20Omong%20Kosong
Fri, 15 Apr 2022 06:30:48 GMT - GET /login
Fri, 15 Apr 2022 06:30:56 GMT - POST /login
Fri, 15 Apr 2022 06:31:01 GMT - POST /login
Fri, 15 Apr 2022 06:31:02 GMT - POST /login
Fri, 15 Apr 2022 06:31:07 GMT - POST /login
Fri, 15 Apr 2022 06:31:07 GMT - GET /index
Fri, 15 Apr 2022 06:31:10 GMT - GET /submain/Apple
Fri, 15 Apr 2022 06:31:10 GMT - GET /submain/css/style.css
Fri, 15 Apr 2022 06:31:11 GMT - GET /discussion/Roma%20ke%20Semifinal%20Conference%20League,%20Keyakinan%20Mourinho%20Bukan%20Omong%20Kosong
Fri, 15 Apr 2022 06:31:11 GMT - GET /discussion/css/style.css
Fri, 15 Apr 2022 06:31:19 GMT - POST /thread_comment/Roma%20ke%20Semifinal%20Conference%20League,%20Keyakinan%20Mourinho%20Bukan%20Omong%20Kosong
Fri, 15 Apr 2022 06:31:19 GMT - GET /index
Fri, 15 Apr 2022 06:31:21 GMT - GET /submain/Apple
Fri, 15 Apr 2022 06:31:21 GMT - GET /submain/css/style.css
Fri, 15 Apr 2022 06:31:22 GMT - GET /discussion/Roma%20ke%20Semifinal%20Conference%20League,%20Keyakinan%20Mourinho%20Bukan%20Omong%20Kosong
Fri, 15 Apr 2022 06:31:22 GMT - GET /discussion/css/style.css
Fri, 15 Apr 2022 06:32:13 GMT - GET /discussion/Roma%20ke%20Semifinal%20Conference%20League,%20Keyakinan%20Mourinho%20Bukan%20Omong%20Kosong
Fri, 15 Apr 2022 06:32:13 GMT - GET /discussion/css/style.css
Fri, 15 Apr 2022 06:32:45 GMT - GET /discussion/Roma%20ke%20Semifinal%20Conference%20League,%20Keyakinan%20Mourinho%20Bukan%20Omong%20Kosong
Fri, 15 Apr 2022 06:32:45 GMT - GET /login
Fri, 15 Apr 2022 06:32:49 GMT - POST /login
Fri, 15 Apr 2022 06:32:49 GMT - GET /index
Fri, 15 Apr 2022 06:32:51 GMT - GET /submain/Apple
Fri, 15 Apr 2022 06:32:51 GMT - GET /submain/css/style.css
Fri, 15 Apr 2022 06:32:52 GMT - GET /discussion/Roma%20ke%20Semifinal%20Conference%20League,%20Keyakinan%20Mourinho%20Bukan%20Omong%20Kosong
Fri, 15 Apr 2022 06:32:52 GMT - GET /discussion/css/style.css
Fri, 15 Apr 2022 06:33:25 GMT - GET /discussion/Roma%20ke%20Semifinal%20Conference%20League,%20Keyakinan%20Mourinho%20Bukan%20Omong%20Kosong
Fri, 15 Apr 2022 06:33:25 GMT - GET /login
Fri, 15 Apr 2022 06:33:31 GMT - POST /login
Fri, 15 Apr 2022 06:33:31 GMT - GET /index
Fri, 15 Apr 2022 06:33:32 GMT - GET /submain/Apple
Fri, 15 Apr 2022 06:33:32 GMT - GET /submain/css/style.css
Fri, 15 Apr 2022 06:33:33 GMT - GET /discussion/Roma%20ke%20Semifinal%20Conference%20League,%20Keyakinan%20Mourinho%20Bukan%20Omong%20Kosong
Fri, 15 Apr 2022 06:33:33 GMT - GET /discussion/css/style.css
Fri, 15 Apr 2022 06:33:43 GMT - GET /discussion/Roma%20ke%20Semifinal%20Conference%20League,%20Keyakinan%20Mourinho%20Bukan%20Omong%20Kosong
Fri, 15 Apr 2022 06:33:43 GMT - GET /discussion/css/style.css
Fri, 15 Apr 2022 06:34:07 GMT - GET /discussion/coba%20josrel%20dong
Fri, 15 Apr 2022 06:34:07 GMT - GET /discussion/css/style.css
Fri, 15 Apr 2022 06:34:12 GMT - GET /discussion/Mac%20Studio%20Si%20Pembangkit%20Tenaga%20Kreatif
Fri, 15 Apr 2022 06:34:12 GMT - GET /discussion/css/style.css
Fri, 15 Apr 2022 06:34:17 GMT - GET /discussion/Fitur%20Baru%20di%20IPAD%20OS%2015
Fri, 15 Apr 2022 06:34:17 GMT - GET /discussion/css/style.css
Fri, 15 Apr 2022 06:34:20 GMT - GET /discussion/Roma%20ke%20Semifinal%20Conference%20League,%20Keyakinan%20Mourinho%20Bukan%20Omong%20Kosong
Fri, 15 Apr 2022 06:34:20 GMT - GET /discussion/css/style.css
Fri, 15 Apr 2022 06:34:35 GMT - GET /discussion/Mac%20Studio%20Si%20Pembangkit%20Tenaga%20Kreatif
Fri, 15 Apr 2022 06:34:35 GMT - GET /discussion/css/style.css
Fri, 15 Apr 2022 06:35:19 GMT - GET /discussion/Mac%20Studio%20Si%20Pembangkit%20Tenaga%20Kreatif
Fri, 15 Apr 2022 06:35:19 GMT - GET /login
Fri, 15 Apr 2022 06:35:24 GMT - POST /login
Fri, 15 Apr 2022 06:35:24 GMT - GET /index
Fri, 15 Apr 2022 06:35:26 GMT - GET /submain/Apple
Fri, 15 Apr 2022 06:35:26 GMT - GET /submain/css/style.css
Fri, 15 Apr 2022 06:35:27 GMT - GET /discussion/Fitur%20Baru%20di%20IPAD%20OS%2015
Fri, 15 Apr 2022 06:35:27 GMT - GET /discussion/css/style.css
Fri, 15 Apr 2022 06:36:00 GMT - GET /discussion/Fitur%20Baru%20di%20IPAD%20OS%2015
Fri, 15 Apr 2022 06:36:00 GMT - GET /discussion/css/style.css
Fri, 15 Apr 2022 06:36:44 GMT - GET /submain/Apple
Fri, 15 Apr 2022 06:36:44 GMT - GET /submain/css/style.css
Fri, 15 Apr 2022 06:36:46 GMT - GET /discussion/Roma%20ke%20Semifinal%20Conference%20League,%20Keyakinan%20Mourinho%20Bukan%20Omong%20Kosong
Fri, 15 Apr 2022 06:36:46 GMT - GET /discussion/css/style.css
Fri, 15 Apr 2022 06:36:49 GMT - GET /discussion/pake%20email%20lain
Fri, 15 Apr 2022 06:36:49 GMT - GET /discussion/css/style.css
Fri, 15 Apr 2022 06:36:51 GMT - GET /discussion/Mac%20Studio%20Si%20Pembangkit%20Tenaga%20Kreatif
Fri, 15 Apr 2022 06:36:51 GMT - GET /discussion/css/style.css
Fri, 15 Apr 2022 06:36:56 GMT - GET /discussion/Roma%20ke%20Semifinal%20Conference%20League,%20Keyakinan%20Mourinho%20Bukan%20Omong%20Kosong
Fri, 15 Apr 2022 06:36:56 GMT - GET /discussion/css/style.css
Fri, 15 Apr 2022 07:00:12 GMT - GET /discussion/Roma%20ke%20Semifinal%20Conference%20League,%20Keyakinan%20Mourinho%20Bukan%20Omong%20Kosong
Fri, 15 Apr 2022 07:00:12 GMT - GET /login
Fri, 15 Apr 2022 07:00:46 GMT - POST /login
Fri, 15 Apr 2022 07:00:46 GMT - GET /index
Fri, 15 Apr 2022 07:01:03 GMT - GET /submain/Apple
Fri, 15 Apr 2022 07:01:03 GMT - GET /submain/css/style.css
Fri, 15 Apr 2022 07:01:05 GMT - GET /discussion/Roma%20ke%20Semifinal%20Conference%20League,%20Keyakinan%20Mourinho%20Bukan%20Omong%20Kosong
Fri, 15 Apr 2022 07:01:05 GMT - GET /discussion/css/style.css
Fri, 15 Apr 2022 07:01:12 GMT - GET /discussion/Roma%20ke%20Semifinal%20Conference%20League,%20Keyakinan%20Mourinho%20Bukan%20Omong%20Kosong
Fri, 15 Apr 2022 07:01:12 GMT - GET /discussion/css/style.css
Fri, 15 Apr 2022 07:04:49 GMT - GET /discussion/Roma%20ke%20Semifinal%20Conference%20League,%20Keyakinan%20Mourinho%20Bukan%20Omong%20Kosong
Fri, 15 Apr 2022 07:04:49 GMT - GET /login
Fri, 15 Apr 2022 07:04:51 GMT - GET /login
Fri, 15 Apr 2022 07:05:05 GMT - POST /login
Fri, 15 Apr 2022 07:05:05 GMT - GET /index
Fri, 15 Apr 2022 07:05:09 GMT - GET /submain/Apple
Fri, 15 Apr 2022 07:05:09 GMT - GET /submain/css/style.css
Fri, 15 Apr 2022 07:05:14 GMT - GET /tambahsubmain
Fri, 15 Apr 2022 07:05:29 GMT - POST /submain_discussion
Fri, 15 Apr 2022 07:05:29 GMT - GET /index
Fri, 15 Apr 2022 07:05:31 GMT - GET /submain/Apple
Fri, 15 Apr 2022 07:05:31 GMT - GET /submain/css/style.css
Fri, 15 Apr 2022 07:05:33 GMT - GET /discussion/Syarat%20Perjalanan%20Mudik%20Lebaran%202022
Fri, 15 Apr 2022 07:05:33 GMT - GET /discussion/css/style.css
Fri, 15 Apr 2022 07:05:37 GMT - GET /discussion/Roma%20ke%20Semifinal%20Conference%20League,%20Keyakinan%20Mourinho%20Bukan%20Omong%20Kosong
Fri, 15 Apr 2022 07:05:37 GMT - GET /discussion/css/style.css
Fri, 15 Apr 2022 07:05:41 GMT - GET /discussion/Syarat%20Perjalanan%20Mudik%20Lebaran%202022
Fri, 15 Apr 2022 07:05:41 GMT - GET /discussion/css/style.css
Fri, 15 Apr 2022 07:06:20 GMT - GET /discussion/Syarat%20Perjalanan%20Mudik%20Lebaran%202022
Fri, 15 Apr 2022 07:06:20 GMT - GET /discussion/css/style.css
Fri, 15 Apr 2022 07:06:54 GMT - GET /discussion/Syarat%20Perjalanan%20Mudik%20Lebaran%202022
Fri, 15 Apr 2022 07:06:54 GMT - GET /discussion/css/style.css
Fri, 15 Apr 2022 07:07:16 GMT - GET /discussion/Syarat%20Perjalanan%20Mudik%20Lebaran%202022
Fri, 15 Apr 2022 07:07:16 GMT - GET /discussion/css/style.css
Fri, 15 Apr 2022 07:07:18 GMT - GET /discussion/Syarat%20Perjalanan%20Mudik%20Lebaran%202022
Fri, 15 Apr 2022 07:07:18 GMT - GET /discussion/css/style.css
Fri, 15 Apr 2022 07:07:19 GMT - GET /discussion/Syarat%20Perjalanan%20Mudik%20Lebaran%202022
Fri, 15 Apr 2022 07:07:19 GMT - GET /discussion/css/style.css
Fri, 15 Apr 2022 07:07:43 GMT - GET /discussion/Syarat%20Perjalanan%20Mudik%20Lebaran%202022
Fri, 15 Apr 2022 07:07:43 GMT - GET /discussion/css/style.css
Fri, 15 Apr 2022 07:07:47 GMT - GET /submain/Apple
Fri, 15 Apr 2022 07:07:47 GMT - GET /submain/css/style.css
Fri, 15 Apr 2022 07:07:53 GMT - GET /submain/Apple
Fri, 15 Apr 2022 07:07:53 GMT - GET /login
Fri, 15 Apr 2022 07:07:57 GMT - POST /login
Fri, 15 Apr 2022 07:07:57 GMT - GET /index
Fri, 15 Apr 2022 07:07:58 GMT - GET /submain/Apple
Fri, 15 Apr 2022 07:07:58 GMT - GET /submain/css/style.css
Fri, 15 Apr 2022 07:07:59 GMT - GET /discussion/Josrelasd
Fri, 15 Apr 2022 07:07:59 GMT - GET /discussion/css/style.css
Fri, 15 Apr 2022 07:08:00 GMT - GET /discussion/Fitur%20Baru%20di%20IPAD%20OS%2015
Fri, 15 Apr 2022 07:08:00 GMT - GET /discussion/css/style.css
Fri, 15 Apr 2022 07:08:05 GMT - GET /discussion/Syarat%20Perjalanan%20Mudik%20Lebaran%202022
Fri, 15 Apr 2022 07:08:05 GMT - GET /discussion/css/style.css
Fri, 15 Apr 2022 07:08:07 GMT - GET /discussion/Roma%20ke%20Semifinal%20Conference%20League,%20Keyakinan%20Mourinho%20Bukan%20Omong%20Kosong
Fri, 15 Apr 2022 07:08:07 GMT - GET /discussion/css/style.css
Fri, 15 Apr 2022 07:08:29 GMT - GET /discussion/Roma%20ke%20Semifinal%20Conference%20League,%20Keyakinan%20Mourinho%20Bukan%20Omong%20Kosong
Fri, 15 Apr 2022 07:08:29 GMT - GET /discussion/css/style.css
Fri, 15 Apr 2022 07:08:30 GMT - GET /discussion/Syarat%20Perjalanan%20Mudik%20Lebaran%202022
Fri, 15 Apr 2022 07:08:30 GMT - GET /discussion/css/style.css
Fri, 15 Apr 2022 07:08:40 GMT - GET /discussion/pake%20email%20lain
Fri, 15 Apr 2022 07:08:40 GMT - GET /discussion/css/style.css
Fri, 15 Apr 2022 07:08:43 GMT - GET /submain/Apple
Fri, 15 Apr 2022 07:08:43 GMT - GET /submain/css/style.css
Fri, 15 Apr 2022 07:08:45 GMT - GET /discussion/Syarat%20Perjalanan%20Mudik%20Lebaran%202022
Fri, 15 Apr 2022 07:08:45 GMT - GET /discussion/css/style.css
Fri, 15 Apr 2022 07:08:49 GMT - GET /discussion/Roma%20ke%20Semifinal%20Conference%20League,%20Keyakinan%20Mourinho%20Bukan%20Omong%20Kosong
Fri, 15 Apr 2022 07:08:49 GMT - GET /discussion/css/style.css
Fri, 15 Apr 2022 07:09:01 GMT - GET /discussion/Syarat%20Perjalanan%20Mudik%20Lebaran%202022
Fri, 15 Apr 2022 07:09:01 GMT - GET /discussion/css/style.css
Fri, 15 Apr 2022 07:09:04 GMT - GET /discussion/Roma%20ke%20Semifinal%20Conference%20League,%20Keyakinan%20Mourinho%20Bukan%20Omong%20Kosong
Fri, 15 Apr 2022 07:09:04 GMT - GET /discussion/css/style.css
Fri, 15 Apr 2022 07:09:33 GMT - GET /submain/Samsung
Fri, 15 Apr 2022 07:09:33 GMT - GET /submain/css/style.css
Fri, 15 Apr 2022 07:09:34 GMT - GET /submain/Xiaomi
Fri, 15 Apr 2022 07:09:34 GMT - GET /submain/css/style.css
Fri, 15 Apr 2022 07:09:36 GMT - GET /discussion/asd
Fri, 15 Apr 2022 07:09:36 GMT - GET /discussion/css/style.css
Fri, 15 Apr 2022 07:09:40 GMT - GET /submain/Apple
Fri, 15 Apr 2022 07:09:40 GMT - GET /submain/css/style.css
Fri, 15 Apr 2022 07:09:44 GMT - GET /discussion/Fitur%20Baru%20di%20IPAD%20OS%2015
Fri, 15 Apr 2022 07:09:44 GMT - GET /discussion/css/style.css
Fri, 15 Apr 2022 07:09:45 GMT - GET /discussion/Mac%20Studio%20Si%20Pembangkit%20Tenaga%20Kreatif
Fri, 15 Apr 2022 07:09:45 GMT - GET /discussion/css/style.css
Fri, 15 Apr 2022 07:09:49 GMT - GET /discussion/coba%20josrel%20dong
Fri, 15 Apr 2022 07:09:49 GMT - GET /discussion/css/style.css
Fri, 15 Apr 2022 07:09:52 GMT - GET /discussion/Roma%20ke%20Semifinal%20Conference%20League,%20Keyakinan%20Mourinho%20Bukan%20Omong%20Kosong
Fri, 15 Apr 2022 07:09:52 GMT - GET /discussion/css/style.css
Fri, 15 Apr 2022 07:10:35 GMT - GET /discussion/Syarat%20Perjalanan%20Mudik%20Lebaran%202022
Fri, 15 Apr 2022 07:10:35 GMT - GET /discussion/css/style.css
Fri, 15 Apr 2022 07:10:47 GMT - GET /discussion/Roma%20ke%20Semifinal%20Conference%20League,%20Keyakinan%20Mourinho%20Bukan%20Omong%20Kosong
Fri, 15 Apr 2022 07:10:47 GMT - GET /discussion/css/style.css
Fri, 15 Apr 2022 07:10:54 GMT - POST /thread_comment/Roma%20ke%20Semifinal%20Conference%20League,%20Keyakinan%20Mourinho%20Bukan%20Omong%20Kosong
Fri, 15 Apr 2022 07:10:54 GMT - GET /index
Fri, 15 Apr 2022 07:10:58 GMT - GET /submain/Apple
Fri, 15 Apr 2022 07:10:58 GMT - GET /submain/css/style.css
Fri, 15 Apr 2022 07:11:01 GMT - GET /discussion/Roma%20ke%20Semifinal%20Conference%20League,%20Keyakinan%20Mourinho%20Bukan%20Omong%20Kosong
Fri, 15 Apr 2022 07:11:01 GMT - GET /discussion/css/style.css
Fri, 15 Apr 2022 07:11:11 GMT - GET /discussion/Roma%20ke%20Semifinal%20Conference%20League,%20Keyakinan%20Mourinho%20Bukan%20Omong%20Kosong
Fri, 15 Apr 2022 07:11:11 GMT - GET /discussion/css/style.css
Fri, 15 Apr 2022 07:11:22 GMT - GET /submain/Apple
Fri, 15 Apr 2022 07:11:22 GMT - GET /submain/css/style.css
Fri, 15 Apr 2022 07:11:23 GMT - GET /submain/Apple
Fri, 15 Apr 2022 07:11:24 GMT - GET /submain/css/style.css
Fri, 15 Apr 2022 07:11:27 GMT - GET /submain/Apple
Fri, 15 Apr 2022 07:11:27 GMT - GET /submain/css/style.css
Fri, 15 Apr 2022 07:11:30 GMT - GET /discussion/Roma%20ke%20Semifinal%20Conference%20League,%20Keyakinan%20Mourinho%20Bukan%20Omong%20Kosong
Fri, 15 Apr 2022 07:11:30 GMT - GET /discussion/css/style.css
Fri, 15 Apr 2022 07:11:34 GMT - GET /discussion/pake%20email%20lain
Fri, 15 Apr 2022 07:11:34 GMT - GET /discussion/css/style.css
Fri, 15 Apr 2022 07:11:53 GMT - GET /submain/Apple
Fri, 15 Apr 2022 07:11:53 GMT - GET /submain/css/style.css
Fri, 15 Apr 2022 07:11:56 GMT - GET /discussion/Fitur%20Baru%20di%20IPAD%20OS%2015
Fri, 15 Apr 2022 07:11:56 GMT - GET /discussion/css/style.css
Fri, 15 Apr 2022 07:12:01 GMT - GET /discussion/Roma%20ke%20Semifinal%20Conference%20League,%20Keyakinan%20Mourinho%20Bukan%20Omong%20Kosong
Fri, 15 Apr 2022 07:12:01 GMT - GET /discussion/css/style.css
Fri, 15 Apr 2022 07:12:51 GMT - GET /submain/Apple
Fri, 15 Apr 2022 07:12:51 GMT - GET /submain/css/style.css
Fri, 15 Apr 2022 07:12:53 GMT - GET /discussion/Roma%20ke%20Semifinal%20Conference%20League,%20Keyakinan%20Mourinho%20Bukan%20Omong%20Kosong
Fri, 15 Apr 2022 07:12:53 GMT - GET /discussion/css/style.css
Fri, 15 Apr 2022 07:13:10 GMT - GET /discussion/Roma%20ke%20Semifinal%20Conference%20League,%20Keyakinan%20Mourinho%20Bukan%20Omong%20Kosong
Fri, 15 Apr 2022 07:13:10 GMT - GET /discussion/css/style.css
Fri, 15 Apr 2022 07:13:11 GMT - GET /discussion/Roma%20ke%20Semifinal%20Conference%20League,%20Keyakinan%20Mourinho%20Bukan%20Omong%20Kosong
Fri, 15 Apr 2022 07:13:11 GMT - GET /discussion/css/style.css
Fri, 15 Apr 2022 07:13:37 GMT - GET /discussion/Roma%20ke%20Semifinal%20Conference%20League,%20Keyakinan%20Mourinho%20Bukan%20Omong%20Kosong
Fri, 15 Apr 2022 07:13:37 GMT - GET /discussion/Roma%20ke%20Semifinal%20Conference%20League,%20Keyakinan%20Mourinho%20Bukan%20Omong%20Kosong
Fri, 15 Apr 2022 07:13:37 GMT - GET /submain/Apple
Fri, 15 Apr 2022 07:13:37 GMT - GET /index
Fri, 15 Apr 2022 07:13:41 GMT - GET /index
Fri, 15 Apr 2022 07:13:42 GMT - GET /submain/Apple
Fri, 15 Apr 2022 07:13:42 GMT - GET /submain/css/style.css
Fri, 15 Apr 2022 07:13:47 GMT - GET /index
Fri, 15 Apr 2022 07:13:48 GMT - GET /index
Fri, 15 Apr 2022 07:13:49 GMT - GET /submain/Apple
Fri, 15 Apr 2022 07:13:49 GMT - GET /submain/css/style.css
Fri, 15 Apr 2022 07:13:52 GMT - GET /discussion/Roma%20ke%20Semifinal%20Conference%20League,%20Keyakinan%20Mourinho%20Bukan%20Omong%20Kosong
Fri, 15 Apr 2022 07:13:52 GMT - GET /discussion/css/style.css
Fri, 15 Apr 2022 07:14:01 GMT - GET /submain/Apple
Fri, 15 Apr 2022 07:14:01 GMT - GET /submain/css/style.css
Fri, 15 Apr 2022 07:14:03 GMT - GET /submain/Apple
Fri, 15 Apr 2022 07:14:03 GMT - GET /submain/css/style.css
Fri, 15 Apr 2022 07:14:04 GMT - GET /discussion/Roma%20ke%20Semifinal%20Conference%20League,%20Keyakinan%20Mourinho%20Bukan%20Omong%20Kosong
Fri, 15 Apr 2022 07:14:12 GMT - GET /discussion/Roma%20ke%20Semifinal%20Conference%20League,%20Keyakinan%20Mourinho%20Bukan%20Omong%20Kosong
Fri, 15 Apr 2022 07:14:12 GMT - GET /discussion/css/style.css
Fri, 15 Apr 2022 07:14:21 GMT - GET /discussion/Roma%20ke%20Semifinal%20Conference%20League,%20Keyakinan%20Mourinho%20Bukan%20Omong%20Kosong
Fri, 15 Apr 2022 07:14:21 GMT - GET /discussion/css/style.css
Fri, 15 Apr 2022 07:14:29 GMT - GET /discussion/Roma%20ke%20Semifinal%20Conference%20League,%20Keyakinan%20Mourinho%20Bukan%20Omong%20Kosong
Fri, 15 Apr 2022 07:14:29 GMT - GET /discussion/css/style.css
Fri, 15 Apr 2022 07:14:36 GMT - GET /discussion/Roma%20ke%20Semifinal%20Conference%20League,%20Keyakinan%20Mourinho%20Bukan%20Omong%20Kosong
Fri, 15 Apr 2022 07:14:36 GMT - GET /discussion/css/style.css
Fri, 15 Apr 2022 07:14:59 GMT - GET /discussion/Roma%20ke%20Semifinal%20Conference%20League,%20Keyakinan%20Mourinho%20Bukan%20Omong%20Kosong
Fri, 15 Apr 2022 07:15:05 GMT - GET /discussion/Syarat%20Perjalanan%20Mudik%20Lebaran%202022
Fri, 15 Apr 2022 07:16:09 GMT - GET /submain/Apple
Fri, 15 Apr 2022 07:16:09 GMT - GET /login
Fri, 15 Apr 2022 07:16:13 GMT - POST /login
Fri, 15 Apr 2022 07:16:13 GMT - GET /index
Fri, 15 Apr 2022 07:16:14 GMT - GET /submain/Apple
Fri, 15 Apr 2022 07:16:15 GMT - GET /submain/css/style.css
Fri, 15 Apr 2022 07:16:15 GMT - GET /discussion/Josrelasd
Fri, 15 Apr 2022 07:16:16 GMT - GET /discussion/css/style.css
Fri, 15 Apr 2022 07:16:19 GMT - GET /discussion/Roma%20ke%20Semifinal%20Conference%20League,%20Keyakinan%20Mourinho%20Bukan%20Omong%20Kosong
Fri, 15 Apr 2022 07:16:19 GMT - GET /discussion/css/style.css
Fri, 15 Apr 2022 07:16:47 GMT - GET /discussion/Roma%20ke%20Semifinal%20Conference%20League,%20Keyakinan%20Mourinho%20Bukan%20Omong%20Kosong
Fri, 15 Apr 2022 07:16:47 GMT - GET /login
Fri, 15 Apr 2022 07:16:52 GMT - POST /login
Fri, 15 Apr 2022 07:16:52 GMT - GET /index
Fri, 15 Apr 2022 07:16:53 GMT - GET /submain/Apple
Fri, 15 Apr 2022 07:16:54 GMT - GET /submain/css/style.css
Fri, 15 Apr 2022 07:16:55 GMT - GET /discussion/Roma%20ke%20Semifinal%20Conference%20League,%20Keyakinan%20Mourinho%20Bukan%20Omong%20Kosong
Fri, 15 Apr 2022 07:16:55 GMT - GET /discussion/css/style.css
Fri, 15 Apr 2022 07:17:04 GMT - GET /discussion/pake%20email%20lain
Fri, 15 Apr 2022 07:17:04 GMT - GET /discussion/css/style.css
Fri, 15 Apr 2022 07:17:07 GMT - GET /discussion/coba%20email
Fri, 15 Apr 2022 07:17:07 GMT - GET /discussion/css/style.css
Fri, 15 Apr 2022 07:17:09 GMT - GET /discussion/coba%20josrel%20dong
Fri, 15 Apr 2022 07:17:10 GMT - GET /discussion/css/style.css
Fri, 15 Apr 2022 07:17:14 GMT - GET /discussion/Syarat%20Perjalanan%20Mudik%20Lebaran%202022
Fri, 15 Apr 2022 07:17:14 GMT - GET /discussion/css/style.css
Fri, 15 Apr 2022 07:17:20 GMT - GET /discussion/pake%20email%20lain
Fri, 15 Apr 2022 07:17:20 GMT - GET /discussion/css/style.css
Fri, 15 Apr 2022 07:17:22 GMT - GET /discussion/Syarat%20Perjalanan%20Mudik%20Lebaran%202022
Fri, 15 Apr 2022 07:17:23 GMT - GET /discussion/css/style.css
Fri, 15 Apr 2022 07:17:41 GMT - GET /discussion/Syarat%20Perjalanan%20Mudik%20Lebaran%202022
Fri, 15 Apr 2022 07:17:41 GMT - GET /discussion/css/style.css
Fri, 15 Apr 2022 07:18:05 GMT - GET /discussion/Roma%20ke%20Semifinal%20Conference%20League,%20Keyakinan%20Mourinho%20Bukan%20Omong%20Kosong
Fri, 15 Apr 2022 07:18:05 GMT - GET /login
Fri, 15 Apr 2022 07:18:09 GMT - POST /login
Fri, 15 Apr 2022 07:18:09 GMT - GET /index
Fri, 15 Apr 2022 07:18:10 GMT - GET /submain/Apple
Fri, 15 Apr 2022 07:18:10 GMT - GET /submain/css/style.css
Fri, 15 Apr 2022 07:18:13 GMT - GET /discussion/Roma%20ke%20Semifinal%20Conference%20League,%20Keyakinan%20Mourinho%20Bukan%20Omong%20Kosong
Fri, 15 Apr 2022 07:18:34 GMT - GET /discussion/Roma%20ke%20Semifinal%20Conference%20League,%20Keyakinan%20Mourinho%20Bukan%20Omong%20Kosong
Fri, 15 Apr 2022 07:18:34 GMT - GET /login
Fri, 15 Apr 2022 07:18:38 GMT - POST /login
Fri, 15 Apr 2022 07:18:38 GMT - GET /index
Fri, 15 Apr 2022 07:18:39 GMT - GET /submain/Apple
Fri, 15 Apr 2022 07:18:39 GMT - GET /submain/css/style.css
Fri, 15 Apr 2022 07:18:41 GMT - GET /discussion/Roma%20ke%20Semifinal%20Conference%20League,%20Keyakinan%20Mourinho%20Bukan%20Omong%20Kosong
Fri, 15 Apr 2022 07:18:41 GMT - GET /discussion/css/style.css
Fri, 15 Apr 2022 07:18:56 GMT - GET /discussion/Roma%20ke%20Semifinal%20Conference%20League,%20Keyakinan%20Mourinho%20Bukan%20Omong%20Kosong
Fri, 15 Apr 2022 07:18:56 GMT - GET /login
Fri, 15 Apr 2022 07:19:01 GMT - POST /login
Fri, 15 Apr 2022 07:19:01 GMT - GET /index
Fri, 15 Apr 2022 07:19:03 GMT - GET /submain/Apple
Fri, 15 Apr 2022 07:19:03 GMT - GET /submain/css/style.css
Fri, 15 Apr 2022 07:19:05 GMT - GET /discussion/Roma%20ke%20Semifinal%20Conference%20League,%20Keyakinan%20Mourinho%20Bukan%20Omong%20Kosong
Fri, 15 Apr 2022 07:19:05 GMT - GET /discussion/css/style.css
Fri, 15 Apr 2022 07:19:19 GMT - GET /discussion/pake%20email%20lain
Fri, 15 Apr 2022 07:19:19 GMT - GET /discussion/css/style.css
Fri, 15 Apr 2022 07:19:28 GMT - GET /discussion/Syarat%20Perjalanan%20Mudik%20Lebaran%202022
Fri, 15 Apr 2022 07:19:28 GMT - GET /discussion/css/style.css
Fri, 15 Apr 2022 07:19:35 GMT - GET /discussion/Roma%20ke%20Semifinal%20Conference%20League,%20Keyakinan%20Mourinho%20Bukan%20Omong%20Kosong
Fri, 15 Apr 2022 07:19:35 GMT - GET /discussion/css/style.css
Fri, 15 Apr 2022 07:19:46 GMT - GET /discussion/Roma%20ke%20Semifinal%20Conference%20League,%20Keyakinan%20Mourinho%20Bukan%20Omong%20Kosong
Fri, 15 Apr 2022 07:19:46 GMT - GET /login
Fri, 15 Apr 2022 07:19:51 GMT - POST /login
Fri, 15 Apr 2022 07:19:51 GMT - GET /index
Fri, 15 Apr 2022 07:19:53 GMT - GET /submain/Apple
Fri, 15 Apr 2022 07:19:53 GMT - GET /submain/css/style.css
Fri, 15 Apr 2022 07:19:54 GMT - GET /discussion/Roma%20ke%20Semifinal%20Conference%20League,%20Keyakinan%20Mourinho%20Bukan%20Omong%20Kosong
Fri, 15 Apr 2022 07:19:54 GMT - GET /discussion/css/style.css
Fri, 15 Apr 2022 07:19:57 GMT - GET /discussion/Roma%20ke%20Semifinal%20Conference%20League,%20Keyakinan%20Mourinho%20Bukan%20Omong%20Kosong
Fri, 15 Apr 2022 07:19:57 GMT - GET /discussion/css/style.css
Fri, 15 Apr 2022 07:20:01 GMT - GET /discussion/pake%20email%20lain
Fri, 15 Apr 2022 07:20:01 GMT - GET /discussion/css/style.css
Fri, 15 Apr 2022 07:20:04 GMT - GET /discussion/Syarat%20Perjalanan%20Mudik%20Lebaran%202022
Fri, 15 Apr 2022 07:20:04 GMT - GET /discussion/css/style.css
Fri, 15 Apr 2022 07:20:36 GMT - GET /submain/Apple
Fri, 15 Apr 2022 07:20:36 GMT - GET /login
Fri, 15 Apr 2022 07:20:44 GMT - POST /login
Fri, 15 Apr 2022 07:20:44 GMT - GET /index
Fri, 15 Apr 2022 07:20:45 GMT - GET /submain/Apple
Fri, 15 Apr 2022 07:20:45 GMT - GET /submain/css/style.css
Fri, 15 Apr 2022 07:20:53 GMT - GET /submain/Apple
Fri, 15 Apr 2022 07:20:53 GMT - GET /login
Fri, 15 Apr 2022 07:20:57 GMT - GET /discussion/Roma%20ke%20Semifinal%20Conference%20League,%20Keyakinan%20Mourinho%20Bukan%20Omong%20Kosong
Fri, 15 Apr 2022 07:20:57 GMT - GET /discussion/css/style.css
Fri, 15 Apr 2022 07:21:16 GMT - POST /login
Fri, 15 Apr 2022 07:21:16 GMT - GET /index
Fri, 15 Apr 2022 07:21:18 GMT - GET /submain/Apple
Fri, 15 Apr 2022 07:21:18 GMT - GET /submain/css/style.css
Fri, 15 Apr 2022 07:21:22 GMT - GET /discussion/Roma%20ke%20Semifinal%20Conference%20League,%20Keyakinan%20Mourinho%20Bukan%20Omong%20Kosong
Fri, 15 Apr 2022 07:21:22 GMT - GET /discussion/css/style.css
Fri, 15 Apr 2022 07:21:27 GMT - GET /discussion/pake%20email%20lain
Fri, 15 Apr 2022 07:21:28 GMT - GET /discussion/css/style.css
Fri, 15 Apr 2022 07:21:31 GMT - GET /discussion/Syarat%20Perjalanan%20Mudik%20Lebaran%202022
Fri, 15 Apr 2022 07:21:32 GMT - GET /discussion/css/style.css
Fri, 15 Apr 2022 07:21:46 GMT - GET /discussion/Roma%20ke%20Semifinal%20Conference%20League,%20Keyakinan%20Mourinho%20Bukan%20Omong%20Kosong
Fri, 15 Apr 2022 07:21:46 GMT - GET /discussion/css/style.css
Fri, 15 Apr 2022 07:22:04 GMT - GET /discussion/coba%20email
Fri, 15 Apr 2022 07:22:04 GMT - GET /login
Fri, 15 Apr 2022 07:22:06 GMT - GET /submain/Apple
Fri, 15 Apr 2022 07:22:06 GMT - GET /submain/css/style.css
Fri, 15 Apr 2022 07:22:08 GMT - GET /discussion/Mac%20Studio%20Si%20Pembangkit%20Tenaga%20Kreatif
Fri, 15 Apr 2022 07:22:08 GMT - GET /login
Fri, 15 Apr 2022 07:22:31 GMT - GET /submain/Apple
Fri, 15 Apr 2022 07:22:31 GMT - GET /submain/css/style.css
Fri, 15 Apr 2022 07:22:34 GMT - GET /discussion/Fitur%20Baru%20di%20IPAD%20OS%2015
Fri, 15 Apr 2022 07:22:34 GMT - GET /login
Fri, 15 Apr 2022 07:22:52 GMT - GET /submain/Apple
Fri, 15 Apr 2022 07:22:52 GMT - GET /submain/css/style.css
Fri, 15 Apr 2022 07:22:52 GMT - GET /discussion/Josrelasd
Fri, 15 Apr 2022 07:22:53 GMT - GET /discussion/css/style.css
Fri, 15 Apr 2022 07:23:02 GMT - GET /discussion/Josrelasd
Fri, 15 Apr 2022 07:23:02 GMT - GET /discussion/css/style.css
Fri, 15 Apr 2022 07:23:04 GMT - GET /discussion/Mac%20Studio%20Si%20Pembangkit%20Tenaga%20Kreatif
Fri, 15 Apr 2022 07:23:04 GMT - GET /discussion/css/style.css
Fri, 15 Apr 2022 07:23:24 GMT - GET /submain/Apple
Fri, 15 Apr 2022 07:23:24 GMT - GET /submain/css/style.css
Fri, 15 Apr 2022 07:23:25 GMT - GET /discussion/Fitur%20Baru%20di%20IPAD%20OS%2015
Fri, 15 Apr 2022 07:23:25 GMT - GET /discussion/css/style.css
Fri, 15 Apr 2022 07:23:38 GMT - GET /discussion/Roma%20ke%20Semifinal%20Conference%20League,%20Keyakinan%20Mourinho%20Bukan%20Omong%20Kosong
Fri, 15 Apr 2022 07:23:38 GMT - GET /discussion/css/style.css
Fri, 15 Apr 2022 07:23:52 GMT - GET /submain/Apple
Fri, 15 Apr 2022 07:23:52 GMT - GET /submain/css/style.css
Fri, 15 Apr 2022 07:24:06 GMT - GET /submain/Apple
Fri, 15 Apr 2022 07:24:06 GMT - GET /submain/css/style.css
Fri, 15 Apr 2022 07:24:07 GMT - GET /discussion/coba%20email
Fri, 15 Apr 2022 07:24:07 GMT - GET /discussion/css/style.css
Fri, 15 Apr 2022 07:24:18 GMT - GET /submain/Apple
Fri, 15 Apr 2022 07:24:18 GMT - GET /submain/css/style.css
Fri, 15 Apr 2022 07:24:19 GMT - GET /discussion/Roma%20ke%20Semifinal%20Conference%20League,%20Keyakinan%20Mourinho%20Bukan%20Omong%20Kosong
Fri, 15 Apr 2022 07:24:19 GMT - GET /discussion/css/style.css
Fri, 15 Apr 2022 07:24:21 GMT - GET /discussion/Syarat%20Perjalanan%20Mudik%20Lebaran%202022
Fri, 15 Apr 2022 07:24:21 GMT - GET /discussion/css/style.css
Fri, 15 Apr 2022 07:24:35 GMT - GET /discussion/Roma%20ke%20Semifinal%20Conference%20League,%20Keyakinan%20Mourinho%20Bukan%20Omong%20Kosong
Fri, 15 Apr 2022 07:24:35 GMT - GET /discussion/css/style.css
Fri, 15 Apr 2022 07:24:39 GMT - GET /discussion/Roma%20ke%20Semifinal%20Conference%20League,%20Keyakinan%20Mourinho%20Bukan%20Omong%20Kosong
Fri, 15 Apr 2022 07:24:39 GMT - GET /discussion/css/style.css
Fri, 15 Apr 2022 07:24:41 GMT - GET /discussion/Syarat%20Perjalanan%20Mudik%20Lebaran%202022
Fri, 15 Apr 2022 07:24:41 GMT - GET /discussion/css/style.css
Fri, 15 Apr 2022 07:24:56 GMT - GET /discussion/Syarat%20Perjalanan%20Mudik%20Lebaran%202022
Fri, 15 Apr 2022 07:24:56 GMT - GET /discussion/css/style.css
Fri, 15 Apr 2022 07:24:58 GMT - GET /discussion/Syarat%20Perjalanan%20Mudik%20Lebaran%202022
Fri, 15 Apr 2022 07:24:58 GMT - GET /discussion/css/style.css
Fri, 15 Apr 2022 07:25:23 GMT - GET /discussion/Syarat%20Perjalanan%20Mudik%20Lebaran%202022
Fri, 15 Apr 2022 07:25:23 GMT - GET /discussion/css/style.css
Fri, 15 Apr 2022 07:25:25 GMT - GET /discussion/Roma%20ke%20Semifinal%20Conference%20League,%20Keyakinan%20Mourinho%20Bukan%20Omong%20Kosong
Fri, 15 Apr 2022 07:25:25 GMT - GET /discussion/css/style.css
Fri, 15 Apr 2022 07:25:29 GMT - GET /discussion/pake%20email%20lain
Fri, 15 Apr 2022 07:25:29 GMT - GET /discussion/css/style.css
Fri, 15 Apr 2022 07:25:30 GMT - GET /discussion/Roma%20ke%20Semifinal%20Conference%20League,%20Keyakinan%20Mourinho%20Bukan%20Omong%20Kosong
Fri, 15 Apr 2022 07:25:30 GMT - GET /discussion/css/style.css
Fri, 15 Apr 2022 07:26:11 GMT - GET /discussion/Roma%20ke%20Semifinal%20Conference%20League,%20Keyakinan%20Mourinho%20Bukan%20Omong%20Kosong
Fri, 15 Apr 2022 07:26:11 GMT - GET /discussion/Roma%20ke%20Semifinal%20Conference%20League,%20Keyakinan%20Mourinho%20Bukan%20Omong%20Kosong
Fri, 15 Apr 2022 07:26:11 GMT - GET /submain/Apple
Fri, 15 Apr 2022 07:26:11 GMT - GET /discussion/Roma%20ke%20Semifinal%20Conference%20League,%20Keyakinan%20Mourinho%20Bukan%20Omong%20Kosong
Fri, 15 Apr 2022 07:26:11 GMT - GET /discussion/Roma%20ke%20Semifinal%20Conference%20League,%20Keyakinan%20Mourinho%20Bukan%20Omong%20Kosong
Fri, 15 Apr 2022 07:26:12 GMT - GET /submain/Apple
Fri, 15 Apr 2022 07:26:12 GMT - GET /submain/css/style.css
Fri, 15 Apr 2022 07:26:14 GMT - GET /submain/Apple
Fri, 15 Apr 2022 07:26:14 GMT - GET /submain/css/style.css
Fri, 15 Apr 2022 07:26:17 GMT - GET /discussion/Roma%20ke%20Semifinal%20Conference%20League,%20Keyakinan%20Mourinho%20Bukan%20Omong%20Kosong
Fri, 15 Apr 2022 07:26:17 GMT - GET /discussion/css/style.css
Fri, 15 Apr 2022 07:26:32 GMT - GET /discussion/Syarat%20Perjalanan%20Mudik%20Lebaran%202022
Fri, 15 Apr 2022 07:26:32 GMT - GET /discussion/css/style.css
Fri, 15 Apr 2022 07:26:46 GMT - GET /discussion/Roma%20ke%20Semifinal%20Conference%20League,%20Keyakinan%20Mourinho%20Bukan%20Omong%20Kosong
Fri, 15 Apr 2022 07:26:46 GMT - GET /discussion/css/style.css
Fri, 15 Apr 2022 07:27:45 GMT - GET /discussion/Roma%20ke%20Semifinal%20Conference%20League,%20Keyakinan%20Mourinho%20Bukan%20Omong%20Kosong
Fri, 15 Apr 2022 07:27:45 GMT - GET /discussion/css/style.css
Fri, 15 Apr 2022 07:27:48 GMT - GET /discussion/Mac%20Studio%20Si%20Pembangkit%20Tenaga%20Kreatif
Fri, 15 Apr 2022 07:27:48 GMT - GET /discussion/css/style.css
Fri, 15 Apr 2022 07:28:10 GMT - GET /submain/Apple
Fri, 15 Apr 2022 07:28:10 GMT - GET /submain/css/style.css
Fri, 15 Apr 2022 07:28:12 GMT - GET /discussion/Josrelasd
Fri, 15 Apr 2022 07:28:12 GMT - GET /discussion/css/style.css
Fri, 15 Apr 2022 07:28:14 GMT - GET /discussion/Fitur%20Baru%20di%20IPAD%20OS%2015
Fri, 15 Apr 2022 07:28:14 GMT - GET /discussion/css/style.css
Fri, 15 Apr 2022 07:28:17 GMT - GET /discussion/Roma%20ke%20Semifinal%20Conference%20League,%20Keyakinan%20Mourinho%20Bukan%20Omong%20Kosong
Fri, 15 Apr 2022 07:28:17 GMT - GET /discussion/css/style.css
Fri, 15 Apr 2022 07:28:37 GMT - GET /discussion/Roma%20ke%20Semifinal%20Conference%20League,%20Keyakinan%20Mourinho%20Bukan%20Omong%20Kosong
Fri, 15 Apr 2022 07:28:37 GMT - GET /discussion/css/style.css
Fri, 15 Apr 2022 07:29:18 GMT - GET /discussion/Roma%20ke%20Semifinal%20Conference%20League,%20Keyakinan%20Mourinho%20Bukan%20Omong%20Kosong
Fri, 15 Apr 2022 07:29:18 GMT - GET /discussion/css/style.css
Fri, 15 Apr 2022 07:29:39 GMT - GET /discussion/Roma%20ke%20Semifinal%20Conference%20League,%20Keyakinan%20Mourinho%20Bukan%20Omong%20Kosong
Fri, 15 Apr 2022 07:29:39 GMT - GET /discussion/css/style.css
Fri, 15 Apr 2022 07:29:55 GMT - GET /discussion/Roma%20ke%20Semifinal%20Conference%20League,%20Keyakinan%20Mourinho%20Bukan%20Omong%20Kosong
Fri, 15 Apr 2022 07:29:55 GMT - GET /discussion/css/style.css
Fri, 15 Apr 2022 07:30:02 GMT - GET /discussion/Roma%20ke%20Semifinal%20Conference%20League,%20Keyakinan%20Mourinho%20Bukan%20Omong%20Kosong
Fri, 15 Apr 2022 07:30:02 GMT - GET /discussion/css/style.css
Fri, 15 Apr 2022 07:30:35 GMT - GET /submain/Apple
Fri, 15 Apr 2022 07:30:35 GMT - GET /submain/css/style.css
Fri, 15 Apr 2022 07:30:36 GMT - GET /submain/Apple
Fri, 15 Apr 2022 07:30:36 GMT - GET /submain/css/style.css
Fri, 15 Apr 2022 07:30:36 GMT - GET /submain/Apple
Fri, 15 Apr 2022 07:30:36 GMT - GET /submain/css/style.css
Fri, 15 Apr 2022 07:30:37 GMT - GET /discussion/Syarat%20Perjalanan%20Mudik%20Lebaran%202022
Fri, 15 Apr 2022 07:30:37 GMT - GET /discussion/css/style.css
Fri, 15 Apr 2022 07:31:51 GMT - GET /submain/Apple
Fri, 15 Apr 2022 07:31:51 GMT - GET /submain/css/style.css
Fri, 15 Apr 2022 07:31:53 GMT - GET /submain/Apple
Fri, 15 Apr 2022 07:31:53 GMT - GET /submain/css/style.css
Fri, 15 Apr 2022 07:32:49 GMT - GET /submain/Apple
Fri, 15 Apr 2022 07:32:49 GMT - GET /login
